TN:
SF:/home/asset/zephyrproject/zephyr/samples/bluetooth/peripheral/src/main.c
FN:41,read_vnd
FNDA:2,read_vnd
FN:50,write_vnd
FNDA:0,write_vnd
FN:69,vnd_ccc_cfg_changed
FNDA:0,vnd_ccc_cfg_changed
FN:74,indicate_cb
FNDA:0,indicate_cb
FN:79,indicate_destroy
FNDA:0,indicate_destroy
FN:93,write_long_vnd
FNDA:1,write_long_vnd
FN:115,read_signed
FNDA:1,read_signed
FN:123,write_signed
FNDA:1,write_signed
FN:137,write_signed_v1
FNDA:0,write_signed_v1
FN:152,write_without_rsp_vnd
FNDA:1,write_without_rsp_vnd
FN:191,write_rsp
FNDA:1,write_rsp
FN:298,mtu_updated
FNDA:3,mtu_updated
FN:305,connected
FNDA:3,connected
FN:314,disconnected
FNDA:0,disconnected
FN:319,alert_stop
FNDA:0,alert_stop
FN:324,alert_start
FNDA:1,alert_start
FN:329,alert_high_start
FNDA:0,alert_high_start
FN:345,bt_ready
FNDA:3,bt_ready
FN:366,auth_passkey_display
FNDA:0,auth_passkey_display
FN:375,auth_cancel
FNDA:0,auth_cancel
FN:390,bas_notify
FNDA:59,bas_notify
FN:403,hrs_notify
FNDA:59,hrs_notify
FN:416,main
FNDA:3,main
DA:41,2
DA:44,2
DA:47,2
DA:50,0
DA:53,0
DA:59,0
DA:60,0
DA:62,0
DA:69,0
DA:71,0
DA:72,0
DA:74,0
DA:76,0
BRDA:76,0,0,-
BRDA:76,0,1,-
DA:77,0
DA:79,0
DA:81,0
DA:82,0
DA:83,0
DA:93,1
DA:96,1
DA:98,1
BRDA:98,0,0,0
BRDA:98,0,1,1
DA:99,0
DA:107,1
DA:108,1
DA:110,1
DA:115,1
DA:118,1
DA:120,1
DA:123,1
DA:126,1
DA:128,1
BRDA:128,0,0,0
BRDA:128,0,1,1
DA:129,0
DA:132,1
DA:134,1
DA:137,0
DA:140,0
DA:142,0
BRDA:142,0,0,-
BRDA:142,0,1,-
DA:143,0
DA:146,0
DA:148,0
DA:152,1
DA:155,1
DA:157,1
BRDA:157,0,0,0
BRDA:157,0,1,1
DA:158,0
DA:159,0
DA:160,0
DA:165,1
BRDA:165,0,0,1
BRDA:165,0,1,0
DA:169,1
DA:172,0
BRDA:172,0,0,-
BRDA:172,0,1,-
DA:173,0
DA:176,0
DA:177,0
BRDA:177,0,0,-
BRDA:177,0,1,-
DA:178,0
BRDA:178,0,0,-
BRDA:178,0,1,-
DA:180,0
DA:181,0
DA:185,0
DA:186,0
DA:188,0
DA:191,1
DA:194,1
DA:197,1
BRDA:197,0,0,1
BRDA:197,0,1,0
DA:199,1
DA:202,0
BRDA:202,0,0,-
BRDA:202,0,1,-
DA:203,0
DA:206,0
BRDA:206,0,0,-
BRDA:206,0,1,-
DA:207,0
DA:210,0
BRDA:210,0,0,-
BRDA:210,0,1,-
BRDA:210,0,2,-
BRDA:210,0,3,-
DA:211,0
DA:214,0
BRDA:214,0,0,-
BRDA:214,0,1,-
DA:215,0
DA:219,0
DA:220,0
BRDA:220,0,0,-
BRDA:220,0,1,-
DA:228,0
DA:230,0
DA:298,3
DA:300,3
DA:301,3
DA:305,3
DA:307,3
BRDA:307,0,0,0
BRDA:307,0,1,3
DA:308,0
DA:310,3
DA:312,3
DA:314,0
DA:316,0
DA:317,0
DA:319,0
DA:321,0
DA:322,0
DA:324,1
DA:326,1
DA:327,1
DA:329,0
DA:331,0
DA:332,0
DA:345,3
DA:349,3
DA:351,3
DA:354,3
DA:357,3
DA:358,3
BRDA:358,0,0,0
BRDA:358,0,1,3
DA:359,0
DA:360,0
DA:363,3
DA:366,0
DA:370,0
DA:372,0
DA:373,0
DA:375,0
DA:379,0
DA:381,0
DA:382,0
DA:390,59
DA:392,59
DA:394,59
DA:396,59
BRDA:396,0,0,0
BRDA:396,0,1,59
DA:397,0
DA:400,59
DA:401,59
DA:403,59
DA:408,59
DA:409,59
BRDA:409,0,0,0
BRDA:409,0,1,59
DA:410,0
DA:413,59
DA:414,59
DA:416,3
DA:422,3
DA:423,3
BRDA:423,0,0,0
BRDA:423,0,1,3
DA:424,0
DA:425,0
DA:428,3
DA:430,3
DA:431,3
DA:433,3
DA:434,3
DA:435,3
DA:440,59
DA:441,62
DA:444,59
DA:447,59
DA:450,59
DA:453,59
BRDA:453,0,0,0
BRDA:453,0,1,59
BRDA:453,0,2,0
BRDA:453,0,3,0
DA:454,0
BRDA:454,0,0,-
BRDA:454,0,1,-
DA:455,0
DA:458,0
DA:459,0
DA:460,0
DA:461,0
DA:462,0
DA:464,0
BRDA:464,0,0,-
BRDA:464,0,1,-
DA:465,0
end_of_record
SF:/home/asset/zephyrproject/zephyr/include/zephyr/bluetooth/addr.h
FN:242,bt_addr_le_to_str
FNDA:0,bt_addr_le_to_str
DA:242,0
DA:247,0
BRDA:247,0,0,-
BRDA:247,0,1,-
BRDA:247,0,2,-
BRDA:247,0,3,-
BRDA:247,0,4,-
DA:248,0
DA:249,0
DA:250,0
DA:251,0
DA:252,0
DA:253,0
DA:254,0
DA:255,0
DA:256,0
DA:257,0
DA:258,0
DA:259,0
DA:260,0
DA:261,0
DA:262,0
DA:265,0
DA:266,0
DA:267,0
end_of_record
SF:/home/asset/zephyrproject/build/zephyr/include/generated/syscalls/kernel.h
FN:126,k_sleep
FNDA:62,k_sleep
DA:126,62
DA:134,62
DA:135,62
end_of_record
TN:
SF:/home/asset/zephyrproject/zephyr/include/zephyr/bluetooth/gatt.h
FN:1188,bt_gatt_notify
FNDA:1,bt_gatt_notify
DA:1188,1
DA:1194,1
DA:1196,1
DA:1197,1
DA:1198,1
DA:1203,1
end_of_record
SF:/home/asset/zephyrproject/zephyr/samples/bluetooth/peripheral/src/cts.c
FN:28,ct_ccc_cfg_changed
FNDA:1,ct_ccc_cfg_changed
FN:33,read_ct
FNDA:1,read_ct
FN:42,write_ct
FNDA:1,write_ct
FN:68,generate_current_time
FNDA:3,generate_current_time
FN:95,cts_init
FNDA:3,cts_init
FN:101,cts_notify
FNDA:59,cts_notify
DA:28,1
DA:31,1
DA:33,1
DA:36,1
DA:38,1
DA:42,1
DA:46,1
DA:48,1
BRDA:48,0,0,0
BRDA:48,0,1,1
DA:49,0
DA:52,1
DA:53,1
DA:55,1
DA:68,3
DA:77,3
DA:78,3
DA:79,3
DA:80,3
DA:81,3
DA:82,3
DA:83,3
DA:86,3
DA:89,3
DA:92,3
DA:93,3
DA:95,3
DA:98,3
DA:99,3
DA:101,59
DA:103,59
BRDA:103,0,0,58
BRDA:103,0,1,1
DA:104,58
DA:107,1
DA:108,1
end_of_record
TN:
SF:/home/asset/zephyrproject/zephyr/boards/posix/native_sim/misc.c
FN:12,set_realtime_default
FNDA:28,set_realtime_default
DA:12,28
DA:14,28
DA:15,28
end_of_record
TN:
SF:/home/asset/zephyrproject/zephyr/boards/posix/native_sim/posix_arch_if.c
FN:18,posix_exit
FNDA:0,posix_exit
FN:23,posix_vprint_error_and_exit
FNDA:0,posix_vprint_error_and_exit
FN:28,posix_vprint_warning
FNDA:0,posix_vprint_warning
FN:33,posix_vprint_trace
FNDA:0,posix_vprint_trace
FN:38,posix_print_error_and_exit
FNDA:0,posix_print_error_and_exit
FN:47,posix_print_warning
FNDA:0,posix_print_warning
FN:56,posix_print_trace
FNDA:354,posix_print_trace
FN:65,posix_trace_over_tty
FNDA:0,posix_trace_over_tty
FN:70,posix_get_hw_cycle
FNDA:0,posix_get_hw_cycle
DA:18,0
DA:20,0
DA:23,0
DA:25,0
DA:26,0
DA:28,0
DA:30,0
DA:31,0
DA:33,0
DA:35,0
DA:36,0
DA:38,0
DA:42,0
DA:43,0
DA:44,0
DA:45,0
DA:47,0
DA:51,0
DA:52,0
DA:53,0
DA:54,0
DA:56,354
DA:60,354
DA:61,354
DA:62,354
DA:63,354
DA:65,0
DA:67,0
DA:70,0
DA:72,0
end_of_record
SF:/home/asset/zephyrproject/zephyr/scripts/native_simulator/common/src/include/nsi_hw_scheduler.h
FN:19,nsi_hws_get_time
FNDA:0,nsi_hws_get_time
DA:19,0
DA:22,0
end_of_record
TN:
SF:/home/asset/zephyrproject/zephyr/kernel/include/kswap.h
FN:205,z_swap_irqlock
FNDA:18030,z_swap_irqlock
DA:205,18030
DA:209,18030
DA:210,18030
end_of_record
SF:/home/asset/zephyrproject/zephyr/boards/posix/native_sim/irq_handler.c
FN:32,vector_to_irq
FNDA:18037,vector_to_irq
FN:67,posix_irq_handler
FNDA:18037,posix_irq_handler
FN:127,nsif_cpu0_irq_raised_from_sw
FNDA:0,nsif_cpu0_irq_raised_from_sw
FN:177,posix_irq_lock
FNDA:319254,posix_irq_lock
FN:191,posix_irq_unlock
FNDA:314981,posix_irq_unlock
FN:196,posix_irq_full_unlock
FNDA:18254,posix_irq_full_unlock
FN:201,posix_irq_enable
FNDA:28,posix_irq_enable
FN:206,posix_irq_disable
FNDA:0,posix_irq_disable
FN:211,posix_irq_is_enabled
FNDA:0,posix_irq_is_enabled
FN:216,posix_get_current_irq
FNDA:0,posix_get_current_irq
FN:236,posix_isr_declare
FNDA:28,posix_isr_declare
FN:257,posix_irq_priority_set
FNDA:28,posix_irq_priority_set
FN:270,posix_sw_set_pending_IRQ
FNDA:0,posix_sw_set_pending_IRQ
FN:279,posix_sw_clear_pending_IRQ
FNDA:0,posix_sw_clear_pending_IRQ
DA:32,18037
DA:34,18037
DA:36,18037
BRDA:36,0,0,0
BRDA:36,0,1,18037
DA:38,0
DA:43,18037
BRDA:43,0,0,0
BRDA:43,0,1,18037
DA:44,0
DA:45,0
DA:50,18037
DA:52,18037
DA:56,18037
DA:57,18037
DA:67,18037
DA:73,18037
DA:75,18037
BRDA:75,0,0,0
BRDA:75,0,1,18037
DA:77,0
DA:80,18037
DA:82,18037
BRDA:82,0,0,0
BRDA:82,0,1,18037
DA:84,0
DA:87,18037
BRDA:87,0,0,18037
BRDA:87,0,1,0
DA:88,18037
DA:91,18037
DA:94,18037
DA:95,18037
DA:97,18037
DA:98,18037
DA:100,18037
DA:101,18037
DA:102,18037
DA:104,18037
DA:105,18037
BRDA:105,0,0,0
BRDA:105,0,1,18037
DA:107,18037
DA:114,18037
BRDA:114,0,0,18037
BRDA:114,0,1,0
DA:115,18037
BRDA:115,0,0,18037
BRDA:115,0,1,0
DA:116,18037
BRDA:116,0,0,18037
BRDA:116,0,1,0
BRDA:116,0,2,18030
BRDA:116,0,3,7
DA:118,18030
DA:127,0
DA:134,0
BRDA:134,0,0,-
BRDA:134,0,1,-
DA:135,0
BRDA:135,0,0,-
BRDA:135,0,1,-
DA:137,0
DA:142,0
DA:144,0
DA:177,319254
DA:179,319254
DA:191,314981
DA:193,314981
DA:194,314981
DA:196,18254
DA:198,18254
DA:199,18254
DA:201,28
DA:203,28
DA:204,28
DA:206,0
DA:208,0
DA:209,0
DA:211,0
DA:213,0
DA:216,0
DA:218,0
DA:236,28
DA:239,28
BRDA:239,0,0,0
BRDA:239,0,1,28
DA:240,0
DA:242,0
DA:244,28
DA:245,28
DA:246,28
DA:247,28
DA:257,28
DA:259,28
DA:260,28
DA:270,0
DA:272,0
DA:273,0
DA:279,0
DA:281,0
DA:282,0
end_of_record
TN:
SF:/home/asset/zephyrproject/zephyr/boards/posix/native_sim/cpu_wait.c
FN:37,arch_busy_wait
FNDA:0,arch_busy_wait
FN:61,posix_cpu_hold
FNDA:0,posix_cpu_hold
DA:37,0
DA:39,0
DA:41,0
BRDA:41,0,0,-
BRDA:41,0,1,-
DA:46,0
DA:47,0
DA:49,0
DA:61,0
DA:64,0
DA:66,0
BRDA:66,0,0,-
BRDA:66,0,1,-
DA:71,0
DA:72,0
DA:73,0
DA:74,0
DA:76,0
DA:78,0
end_of_record
SF:/home/asset/zephyrproject/zephyr/scripts/native_simulator/common/src/include/nsi_hw_scheduler.h
FN:19,nsi_hws_get_time
FNDA:0,nsi_hws_get_time
DA:19,0
DA:22,0
end_of_record
TN:
SF:/home/asset/zephyrproject/zephyr/boards/posix/native_sim/cmdline.c
FN:14,native_add_command_line_opts
FNDA:56,native_add_command_line_opts
FN:19,native_get_cmd_line_args
FNDA:0,native_get_cmd_line_args
FN:24,native_get_test_cmd_line_args
FNDA:0,native_get_test_cmd_line_args
DA:14,56
DA:16,56
DA:17,56
DA:19,0
DA:21,0
DA:22,0
DA:24,0
DA:26,0
DA:27,0
end_of_record
TN:
SF:/home/asset/zephyrproject/zephyr/boards/posix/native_sim/nsi_if.c
FN:11,nsif_cpu0_pre_cmdline_hooks
FNDA:28,nsif_cpu0_pre_cmdline_hooks
FN:16,nsif_cpu0_pre_hw_init_hooks
FNDA:28,nsif_cpu0_pre_hw_init_hooks
FN:21,nsif_cpu0_boot
FNDA:28,nsif_cpu0_boot
FN:28,nsif_cpu0_cleanup
FNDA:28,nsif_cpu0_cleanup
FN:38,nsif_cpu0_irq_raised
FNDA:18037,nsif_cpu0_irq_raised
DA:11,28
DA:13,28
DA:14,28
DA:16,28
DA:18,28
DA:19,28
DA:21,28
DA:23,28
DA:24,28
DA:25,28
DA:26,28
DA:28,28
DA:34,28
DA:35,28
DA:38,18037
DA:40,18037
DA:41,18037
end_of_record
TN:
SF:/home/asset/zephyrproject/zephyr/include/zephyr/arch/posix/arch.h
FN:71,arch_irq_lock
FNDA:9,arch_irq_lock
DA:71,9
DA:73,9
end_of_record
SF:/home/asset/zephyrproject/zephyr/arch/posix/core/thread.c
FN:26,arch_new_thread
FNDA:189,arch_new_thread
FN:52,posix_arch_thread_entry
FNDA:189,posix_arch_thread_entry
FN:60,z_impl_k_thread_abort
FNDA:9,z_impl_k_thread_abort
DA:26,189
DA:36,189
DA:39,189
DA:40,189
DA:41,189
DA:42,189
DA:44,189
DA:47,189
DA:49,189
DA:50,189
DA:52,189
DA:54,189
DA:55,189
DA:56,189
DA:60,9
DA:65,9
DA:69,9
DA:71,9
DA:73,9
BRDA:73,0,0,9
BRDA:73,0,1,0
DA:74,9
BRDA:74,0,0,9
BRDA:74,0,1,0
DA:75,9
DA:77,0
DA:83,9
DA:86,9
DA:88,0
BRDA:88,0,0,-
BRDA:88,0,1,-
DA:94,0
DA:95,0
DA:105,0
DA:106,0
end_of_record
TN:
SF:/home/asset/zephyrproject/zephyr/arch/posix/core/posix_core_nsi.c
FN:20,posix_arch_init
FNDA:28,posix_arch_init
FN:30,posix_arch_clean_up
FNDA:28,posix_arch_clean_up
FN:35,posix_swap
FNDA:46736,posix_swap
FN:41,posix_main_thread_start
FNDA:28,posix_main_thread_start
FN:46,posix_new_thread
FNDA:189,posix_new_thread
FN:51,posix_abort_thread
FNDA:9,posix_abort_thread
FN:56,posix_arch_get_unique_thread_id
FNDA:0,posix_arch_get_unique_thread_id
DA:20,28
DA:23,28
DA:24,28
DA:30,28
DA:32,28
DA:33,28
DA:35,46736
DA:38,46736
DA:39,46575
DA:41,28
DA:43,28
DA:44,0
DA:46,189
DA:48,189
DA:51,9
DA:53,9
DA:54,9
DA:56,0
DA:58,0
end_of_record
TN:
SF:/home/asset/zephyrproject/zephyr/arch/posix/core/fatal.c
FN:18,arch_system_halt
FNDA:0,arch_system_halt
DA:18,0
DA:26,0
DA:27,0
end_of_record
TN:
SF:/home/asset/zephyrproject/zephyr/arch/posix/core/cpuhalt.c
FN:36,arch_cpu_idle
FNDA:18065,arch_cpu_idle
FN:43,arch_cpu_atomic_idle
FNDA:0,arch_cpu_atomic_idle
DA:36,18065
DA:38,18065
DA:39,18065
DA:40,18065
DA:41,18037
DA:43,0
DA:45,0
DA:46,0
DA:47,0
end_of_record
TN:
SF:/home/asset/zephyrproject/zephyr/arch/posix/core/irq.c
FN:19,arch_irq_enable
FNDA:28,arch_irq_enable
FN:24,arch_irq_disable
FNDA:0,arch_irq_disable
FN:29,arch_irq_is_enabled
FNDA:0,arch_irq_is_enabled
DA:19,28
DA:21,28
DA:22,28
DA:24,0
DA:26,0
DA:27,0
DA:29,0
DA:31,0
end_of_record
TN:
SF:/home/asset/zephyrproject/zephyr/arch/posix/core/swap.c
FN:23,arch_swap
FNDA:46736,arch_swap
FN:83,arch_switch_to_main_thread
FNDA:28,arch_switch_to_main_thread
DA:23,46736
DA:37,46736
DA:38,46736
DA:44,46736
DA:46,46736
DA:48,46736
DA:50,46736
DA:53,46736
DA:64,46736
DA:69,46575
DA:71,46575
DA:83,28
DA:89,28
DA:91,28
DA:97,28
DA:103,28
DA:104,0
end_of_record
SF:/home/asset/zephyrproject/zephyr/include/zephyr/arch/posix/arch.h
FN:77,arch_irq_unlock
FNDA:46575,arch_irq_unlock
DA:77,46575
DA:79,46575
DA:80,46575
end_of_record
TN:
SF:/home/asset/zephyrproject/zephyr/kernel/include/kernel_offsets.h
FN:26,_OffsetAbsSyms
FNDA:0,_OffsetAbsSyms
DA:26,0
DA:28,0
DA:29,0
DA:30,0
DA:31,0
DA:33,0
DA:44,0
DA:48,0
DA:55,0
DA:57,0
DA:58,0
DA:59,0
DA:73,0
DA:88,0
DA:91,0
end_of_record
SF:/home/asset/zephyrproject/zephyr/arch/posix/core/offsets/offsets.c
DA:31,0
end_of_record
TN:
SF:/home/asset/zephyrproject/zephyr/subsys/tracing/tracing_none.c
FN:8,sys_trace_isr_enter
FNDA:18037,sys_trace_isr_enter
FN:10,sys_trace_isr_exit
FNDA:18037,sys_trace_isr_exit
FN:12,sys_trace_isr_exit_to_scheduler
FNDA:0,sys_trace_isr_exit_to_scheduler
FN:14,sys_trace_idle
FNDA:18065,sys_trace_idle
DA:8,18037
DA:10,18037
DA:12,0
DA:14,18065
end_of_record
TN:
SF:/home/asset/zephyrproject/zephyr/subsys/stats/stats.c
FN:19,stats_get_name
FNDA:0,stats_get_name
FN:44,stats_get_off
FNDA:0,stats_get_off
FN:57,stats_gen_name
FNDA:0,stats_gen_name
FN:96,stats_walk
FNDA:0,stats_walk
FN:133,stats_init
FNDA:56,stats_init
FN:159,stats_group_walk
FNDA:0,stats_group_walk
FN:175,stats_group_get_next
FNDA:0,stats_group_get_next
FN:194,stats_group_find
FNDA:0,stats_group_find
FN:219,stats_register
FNDA:56,stats_register
FN:259,stats_init_and_reg
FNDA:56,stats_init_and_reg
FN:281,stats_reset
FNDA:56,stats_reset
DA:19,0
DA:31,0
DA:32,0
BRDA:32,0,0,-
BRDA:32,0,1,-
DA:33,0
DA:34,0
BRDA:34,0,0,-
BRDA:34,0,1,-
DA:35,0
DA:40,0
DA:44,0
DA:46,0
DA:57,0
DA:64,0
DA:66,0
DA:67,0
DA:68,0
BRDA:68,0,0,-
BRDA:68,0,1,-
DA:69,0
DA:72,0
BRDA:72,0,0,-
BRDA:72,0,1,-
DA:73,0
DA:74,0
DA:75,0
DA:77,0
DA:78,0
DA:96,0
DA:103,0
BRDA:103,0,0,-
BRDA:103,0,1,-
DA:104,0
DA:105,0
BRDA:105,0,0,-
BRDA:105,0,1,-
DA:107,0
DA:108,0
DA:111,0
DA:112,0
BRDA:112,0,0,-
BRDA:112,0,1,-
DA:113,0
DA:117,0
DA:133,56
DA:136,56
DA:137,56
DA:139,56
DA:140,56
DA:143,56
DA:144,56
DA:159,0
DA:164,0
BRDA:164,0,0,-
BRDA:164,0,1,-
DA:165,0
DA:166,0
BRDA:166,0,0,-
BRDA:166,0,1,-
DA:167,0
DA:171,0
DA:175,0
DA:177,0
BRDA:177,0,0,-
BRDA:177,0,1,-
DA:178,0
DA:182,0
DA:194,0
DA:198,0
BRDA:198,0,0,-
BRDA:198,0,1,-
DA:199,0
BRDA:199,0,0,-
BRDA:199,0,1,-
DA:200,0
DA:204,0
DA:219,56
DA:225,56
DA:226,84
BRDA:226,0,0,28
BRDA:226,0,1,56
DA:227,28
BRDA:227,0,0,0
BRDA:227,0,1,28
DA:228,0
DA:231,28
DA:234,56
BRDA:234,0,0,28
BRDA:234,0,1,28
DA:235,28
DA:237,28
DA:239,56
DA:241,56
DA:259,56
DA:265,56
DA:267,56
DA:268,56
BRDA:268,0,0,0
BRDA:268,0,1,56
DA:269,0
DA:272,56
DA:281,56
DA:283,56
DA:284,56
end_of_record
TN:
SF:/home/asset/zephyrproject/zephyr/subsys/storage/flash_map/flash_map_layout.c
FN:43,should_bail
FNDA:7112,should_bail
FN:68,flash_area_layout
FNDA:28,flash_area_layout
FN:103,get_sectors_cb
FNDA:7112,get_sectors_cb
FN:120,flash_area_get_sectors
FNDA:28,flash_area_get_sectors
DA:43,7112
DA:47,7112
BRDA:47,0,0,7056
BRDA:47,0,1,56
DA:48,7056
DA:49,7056
DA:50,56
BRDA:50,0,0,0
BRDA:50,0,1,56
DA:51,0
DA:52,0
DA:53,56
BRDA:53,0,0,28
BRDA:53,0,1,28
DA:54,28
DA:55,28
DA:56,28
DA:59,28
DA:68,28
DA:73,28
DA:75,28
BRDA:75,0,0,28
BRDA:75,0,1,0
BRDA:75,0,2,0
BRDA:75,0,3,28
DA:76,0
DA:79,28
DA:80,28
DA:81,28
DA:83,28
DA:84,28
DA:85,28
DA:86,28
DA:88,28
DA:89,28
DA:90,28
BRDA:90,0,0,0
BRDA:90,0,1,28
DA:91,0
DA:94,28
DA:96,28
BRDA:96,0,0,0
BRDA:96,0,1,28
DA:97,0
DA:100,28
DA:103,7112
DA:105,7112
DA:106,7112
DA:109,7112
BRDA:109,0,0,7084
BRDA:109,0,1,28
DA:110,7084
DA:113,28
DA:114,28
DA:115,28
DA:117,28
DA:120,28
DA:124,28
end_of_record
TN:
SF:/home/asset/zephyrproject/zephyr/subsys/storage/flash_map/flash_map_priv.h
FN:21,get_flash_area_from_id
FNDA:56,get_flash_area_from_id
FN:33,is_in_flash_area_bounds
FNDA:0,is_in_flash_area_bounds
DA:21,56
DA:23,280
BRDA:23,0,0,280
BRDA:23,0,1,0
DA:24,280
BRDA:24,0,0,56
BRDA:24,0,1,224
DA:25,56
DA:29,0
DA:33,0
DA:36,0
BRDA:36,0,0,-
BRDA:36,0,1,-
BRDA:36,0,2,-
BRDA:36,0,3,-
end_of_record
SF:/home/asset/zephyrproject/zephyr/include/zephyr/device.h
FN:754,z_impl_device_is_ready
FNDA:56,z_impl_device_is_ready
DA:754,56
DA:756,56
end_of_record
SF:/home/asset/zephyrproject/build/zephyr/include/generated/syscalls/device.h
FN:49,device_is_ready
FNDA:56,device_is_ready
DA:49,56
DA:57,56
DA:58,56
end_of_record
SF:/home/asset/zephyrproject/zephyr/include/zephyr/drivers/flash.h
FN:173,z_impl_flash_read
FNDA:0,z_impl_flash_read
FN:205,z_impl_flash_write
FNDA:0,z_impl_flash_write
FN:240,z_impl_flash_erase
FNDA:0,z_impl_flash_erase
FN:400,z_impl_flash_get_write_block_size
FNDA:0,z_impl_flash_get_write_block_size
FN:422,z_impl_flash_get_parameters
FNDA:0,z_impl_flash_get_parameters
DA:173,0
DA:177,0
DA:180,0
DA:205,0
DA:208,0
DA:212,0
DA:214,0
DA:240,0
DA:243,0
DA:247,0
DA:249,0
DA:400,0
DA:402,0
DA:405,0
DA:422,0
DA:424,0
DA:427,0
end_of_record
SF:/home/asset/zephyrproject/zephyr/subsys/storage/flash_map/flash_map.c
FN:22,flash_area_foreach
FNDA:0,flash_area_foreach
FN:29,flash_area_open
FNDA:56,flash_area_open
FN:51,flash_area_close
FNDA:28,flash_area_close
FN:56,flash_area_read
FNDA:0,flash_area_read
FN:66,flash_area_write
FNDA:0,flash_area_write
FN:76,flash_area_erase
FNDA:0,flash_area_erase
FN:85,flash_area_align
FNDA:0,flash_area_align
FN:90,flash_area_has_driver
FNDA:0,flash_area_has_driver
FN:99,flash_area_get_device
FNDA:0,flash_area_get_device
FN:111,flash_area_erased_val
FNDA:0,flash_area_erased_val
DA:22,0
DA:24,0
BRDA:24,0,0,-
BRDA:24,0,1,-
DA:25,0
DA:27,0
DA:29,56
DA:33,56
BRDA:33,0,0,0
BRDA:33,0,1,56
DA:34,0
DA:37,56
DA:38,56
BRDA:38,0,0,0
BRDA:38,0,1,56
DA:39,0
DA:42,56
BRDA:42,0,0,56
BRDA:42,0,1,0
BRDA:42,0,2,0
BRDA:42,0,3,56
DA:43,0
DA:46,56
DA:48,56
DA:51,28
DA:54,28
DA:56,0
DA:59,0
BRDA:59,0,0,-
BRDA:59,0,1,-
DA:60,0
DA:63,0
DA:66,0
DA:69,0
BRDA:69,0,0,-
BRDA:69,0,1,-
DA:70,0
DA:73,0
DA:76,0
DA:78,0
BRDA:78,0,0,-
BRDA:78,0,1,-
DA:79,0
DA:82,0
DA:85,0
DA:87,0
DA:90,0
DA:92,0
BRDA:92,0,0,-
BRDA:92,0,1,-
DA:93,0
DA:96,0
DA:99,0
DA:101,0
DA:111,0
DA:115,0
DA:117,0
end_of_record
SF:/home/asset/zephyrproject/build/zephyr/include/generated/syscalls/flash.h
FN:26,flash_read
FNDA:0,flash_read
FN:52,flash_write
FNDA:0,flash_write
FN:78,flash_erase
FNDA:0,flash_erase
FN:226,flash_get_write_block_size
FNDA:0,flash_get_write_block_size
FN:249,flash_get_parameters
FNDA:0,flash_get_parameters
DA:26,0
DA:37,0
DA:38,0
DA:52,0
DA:63,0
DA:64,0
DA:78,0
DA:88,0
DA:89,0
DA:226,0
DA:234,0
DA:235,0
DA:249,0
DA:257,0
DA:258,0
end_of_record
TN:
SF:/home/asset/zephyrproject/build/zephyr/include/generated/syscalls/kernel.h
FN:976,k_mutex_lock
FNDA:28,k_mutex_lock
FN:993,k_mutex_unlock
FNDA:28,k_mutex_unlock
DA:976,28
DA:985,28
DA:986,28
DA:993,28
DA:1001,28
DA:1002,28
end_of_record
SF:/home/asset/zephyrproject/zephyr/subsys/settings/src/settings_init.c
FN:26,settings_subsys_init
FNDA:28,settings_subsys_init
DA:26,28
DA:29,28
DA:31,28
DA:33,28
BRDA:33,0,0,28
BRDA:33,0,1,0
DA:34,28
DA:36,28
DA:38,28
BRDA:38,0,0,28
BRDA:38,0,1,0
DA:39,28
DA:43,28
DA:45,28
end_of_record
TN:
SF:/home/asset/zephyrproject/zephyr/include/zephyr/sys/slist.h
FN:199,sys_slist_init
FNDA:28,sys_slist_init
FN:211,z_snode_next_peek
FNDA:21,z_snode_next_peek
FN:216,z_snode_next_set
FNDA:28,z_snode_next_set
FN:221,z_slist_head_set
FNDA:28,z_slist_head_set
FN:226,z_slist_tail_set
FNDA:28,z_slist_tail_set
FN:238,sys_slist_peek_head
FNDA:42,sys_slist_peek_head
FN:250,sys_slist_peek_tail
FNDA:28,sys_slist_peek_tail
FN:281,sys_slist_peek_next_no_check
FNDA:21,sys_slist_peek_next_no_check
FN:292,sys_slist_peek_next
FNDA:21,sys_slist_peek_next
FN:318,sys_slist_append
FNDA:28,sys_slist_append
DA:199,28
DA:201,28
DA:202,28
DA:203,28
DA:211,21
DA:213,21
DA:216,28
DA:218,28
DA:219,28
DA:221,28
DA:223,28
DA:224,28
DA:226,28
DA:228,28
DA:229,28
DA:238,42
DA:240,42
DA:250,28
DA:252,28
DA:281,21
DA:292,21
BRDA:292,0,0,21
BRDA:292,0,1,0
DA:318,28
BRDA:318,0,0,28
BRDA:318,0,1,0
end_of_record
SF:/home/asset/zephyrproject/zephyr/subsys/settings/src/settings_store.c
FN:27,settings_src_register
FNDA:28,settings_src_register
FN:32,settings_dst_register
FNDA:28,settings_dst_register
FN:37,settings_load
FNDA:21,settings_load
FN:42,settings_load_subtree
FNDA:21,settings_load_subtree
FN:65,settings_load_subtree_direct
FNDA:0,settings_load_subtree_direct
FN:94,settings_save_one
FNDA:0,settings_save_one
FN:113,settings_delete
FNDA:0,settings_delete
FN:118,settings_save
FNDA:0,settings_save
FN:161,settings_storage_get
FNDA:0,settings_storage_get
FN:176,settings_store_init
FNDA:28,settings_store_init
DA:27,28
DA:29,28
DA:30,28
DA:32,28
DA:34,28
DA:35,28
DA:37,21
DA:39,21
DA:42,21
DA:46,21
DA:56,21
DA:57,42
BRDA:57,0,0,21
BRDA:57,0,1,0
BRDA:57,0,2,21
BRDA:57,0,3,0
BRDA:57,0,4,0
BRDA:57,0,5,21
BRDA:57,0,6,21
BRDA:57,0,7,21
DA:58,21
DA:60,21
DA:61,21
DA:62,21
DA:65,0
DA:72,0
DA:83,0
DA:84,0
BRDA:84,0,0,-
BRDA:84,0,1,-
BRDA:84,0,2,-
BRDA:84,0,3,-
BRDA:84,0,4,-
BRDA:84,0,5,-
BRDA:84,0,6,-
BRDA:84,0,7,-
DA:85,0
DA:87,0
DA:88,0
DA:94,0
DA:99,0
DA:100,0
BRDA:100,0,0,-
BRDA:100,0,1,-
DA:101,0
DA:104,0
DA:106,0
DA:108,0
DA:110,0
DA:113,0
DA:115,0
DA:118,0
DA:124,0
DA:125,0
BRDA:125,0,0,-
BRDA:125,0,1,-
DA:126,0
DA:129,0
BRDA:129,0,0,-
BRDA:129,0,1,-
DA:130,0
DA:132,0
DA:134,0
BRDA:134,0,0,-
BRDA:134,0,1,-
DA:135,0
BRDA:135,0,0,-
BRDA:135,0,1,-
DA:136,0
DA:137,0
BRDA:137,0,0,-
BRDA:137,0,1,-
DA:138,0
DA:145,0
BRDA:145,0,0,-
BRDA:145,0,1,-
BRDA:145,0,2,-
BRDA:145,0,3,-
BRDA:145,0,4,-
BRDA:145,0,5,-
BRDA:145,0,6,-
BRDA:145,0,7,-
DA:146,0
BRDA:146,0,0,-
BRDA:146,0,1,-
DA:147,0
DA:148,0
BRDA:148,0,0,-
BRDA:148,0,1,-
DA:149,0
DA:155,0
BRDA:155,0,0,-
BRDA:155,0,1,-
DA:156,0
DA:158,0
DA:161,0
DA:163,0
DA:165,0
BRDA:165,0,0,-
BRDA:165,0,1,-
DA:166,0
DA:169,0
BRDA:169,0,0,-
BRDA:169,0,1,-
DA:170,0
DA:173,0
DA:176,28
DA:178,28
DA:179,28
end_of_record
SF:/home/asset/zephyrproject/build/zephyr/include/generated/syscalls/kernel.h
FN:976,k_mutex_lock
FNDA:21,k_mutex_lock
FN:993,k_mutex_unlock
FNDA:21,k_mutex_unlock
DA:976,21
DA:985,21
DA:986,21
DA:993,21
DA:1001,21
DA:1002,21
end_of_record
TN:
SF:/home/asset/zephyrproject/build/zephyr/include/generated/syscalls/kernel.h
FN:976,k_mutex_lock
FNDA:0,k_mutex_lock
FN:993,k_mutex_unlock
FNDA:0,k_mutex_unlock
DA:976,0
DA:985,0
DA:986,0
DA:993,0
DA:1001,0
DA:1002,0
end_of_record
SF:/home/asset/zephyrproject/zephyr/include/zephyr/syscall.h
FN:115,k_is_user_context
FNDA:0,k_is_user_context
DA:115,0
DA:120,0
end_of_record
SF:/home/asset/zephyrproject/zephyr/subsys/settings/src/settings.c
FN:30,settings_init
FNDA:28,settings_init
FN:39,settings_register
FNDA:0,settings_register
FN:66,settings_name_steq
FNDA:147,settings_name_steq
FN:105,settings_name_next
FNDA:0,settings_name_next
FN:137,settings_parse_and_lookup
FNDA:21,settings_parse_and_lookup
FN:192,settings_call_set_handler
FNDA:21,settings_call_set_handler
FN:232,settings_commit
FNDA:0,settings_commit
FN:237,settings_commit_subtree
FNDA:21,settings_commit_subtree
DA:30,28
DA:33,28
DA:35,28
DA:36,28
DA:39,0
DA:41,0
DA:43,0
BRDA:43,0,0,-
BRDA:43,0,1,-
DA:44,0
BRDA:44,0,0,-
BRDA:44,0,1,-
DA:45,0
DA:49,0
DA:52,0
BRDA:52,0,0,-
BRDA:52,0,1,-
BRDA:52,0,2,-
BRDA:52,0,3,-
BRDA:52,0,4,-
BRDA:52,0,5,-
BRDA:52,0,6,-
BRDA:52,0,7,-
DA:53,0
BRDA:53,0,0,-
BRDA:53,0,1,-
DA:54,0
DA:55,0
DA:58,0
DA:60,0
DA:61,0
DA:62,0
DA:66,147
DA:68,147
BRDA:68,0,0,126
BRDA:68,0,1,21
DA:69,126
DA:72,147
BRDA:72,0,0,147
BRDA:72,0,1,0
BRDA:72,0,2,0
BRDA:72,0,3,147
DA:73,0
DA:81,714
BRDA:81,0,0,483
BRDA:81,0,1,84
DA:82,1113
BRDA:82,0,0,567
BRDA:82,0,1,63
BRDA:82,0,2,483
BRDA:82,0,3,0
BRDA:82,0,4,483
BRDA:82,0,5,0
DA:83,483
DA:84,483
DA:87,147
BRDA:87,0,0,84
BRDA:87,0,1,63
DA:88,84
DA:91,63
BRDA:91,0,0,42
BRDA:91,0,1,21
DA:92,42
BRDA:92,0,0,21
BRDA:92,0,1,21
DA:93,21
DA:95,42
DA:98,21
BRDA:98,0,0,21
BRDA:98,0,1,0
BRDA:98,0,2,21
BRDA:98,0,3,0
DA:99,21
DA:102,0
DA:105,0
DA:107,0
DA:109,0
BRDA:109,0,0,-
BRDA:109,0,1,-
DA:110,0
DA:113,0
BRDA:113,0,0,-
BRDA:113,0,1,-
DA:114,0
DA:121,0
BRDA:121,0,0,-
BRDA:121,0,1,-
BRDA:121,0,2,-
BRDA:121,0,3,-
DA:122,0
BRDA:122,0,0,-
BRDA:122,0,1,-
DA:123,0
DA:124,0
DA:127,0
BRDA:127,0,0,-
BRDA:127,0,1,-
DA:128,0
BRDA:128,0,0,-
BRDA:128,0,1,-
DA:129,0
DA:131,0
DA:134,0
DA:137,21
DA:143,21
DA:144,21
BRDA:144,0,0,21
BRDA:144,0,1,0
DA:145,21
DA:148,147
BRDA:148,0,0,126
BRDA:148,0,1,21
DA:149,126
BRDA:149,0,0,84
BRDA:149,0,1,42
DA:150,84
DA:152,42
BRDA:152,0,0,21
BRDA:152,0,1,21
DA:153,21
DA:154,21
BRDA:154,0,0,21
BRDA:154,0,1,0
DA:155,21
DA:157,21
DA:159,21
BRDA:159,0,0,21
BRDA:159,0,1,0
DA:160,21
DA:161,21
BRDA:161,0,0,21
BRDA:161,0,1,0
DA:162,21
DA:170,21
BRDA:170,0,0,0
BRDA:170,0,1,21
BRDA:170,0,2,0
BRDA:170,0,3,0
BRDA:170,0,4,0
BRDA:170,0,5,0
BRDA:170,0,6,0
BRDA:170,0,7,21
DA:171,0
BRDA:171,0,0,-
BRDA:171,0,1,-
DA:172,0
DA:174,0
BRDA:174,0,0,-
BRDA:174,0,1,-
DA:175,0
DA:176,0
BRDA:176,0,0,-
BRDA:176,0,1,-
DA:177,0
DA:179,0
DA:181,0
BRDA:181,0,0,-
BRDA:181,0,1,-
DA:182,0
DA:183,0
BRDA:183,0,0,-
BRDA:183,0,1,-
DA:184,0
DA:189,21
DA:192,21
DA:199,21
DA:201,21
BRDA:201,0,0,21
BRDA:201,0,1,0
BRDA:201,0,2,0
BRDA:201,0,3,21
BRDA:201,0,4,0
BRDA:201,0,5,0
DA:202,0
DA:203,0
DA:206,21
BRDA:206,0,0,21
BRDA:206,0,1,0
BRDA:206,0,2,0
BRDA:206,0,3,21
DA:207,0
DA:208,0
DA:212,21
DA:213,21
BRDA:213,0,0,0
BRDA:213,0,1,21
DA:214,0
DA:217,21
DA:219,21
BRDA:219,0,0,0
BRDA:219,0,1,21
DA:220,0
BRDA:220,0,0,-
BRDA:220,0,1,-
BRDA:220,0,2,-
BRDA:220,0,3,-
DA:223,0
DA:225,21
BRDA:225,0,0,21
BRDA:225,0,1,0
BRDA:225,0,2,0
BRDA:225,0,3,0
DA:229,21
DA:232,0
DA:234,0
DA:237,21
DA:242,21
DA:244,147
BRDA:244,0,0,126
BRDA:244,0,1,21
DA:245,126
BRDA:245,0,0,0
BRDA:245,0,1,126
BRDA:245,0,2,0
BRDA:245,0,3,0
DA:246,0
DA:248,126
BRDA:248,0,0,84
BRDA:248,0,1,42
DA:249,84
DA:250,84
BRDA:250,0,0,84
BRDA:250,0,1,0
DA:251,84
DA:258,21
BRDA:258,0,0,0
BRDA:258,0,1,21
BRDA:258,0,2,0
BRDA:258,0,3,0
BRDA:258,0,4,0
BRDA:258,0,5,0
BRDA:258,0,6,0
BRDA:258,0,7,21
DA:259,0
BRDA:259,0,0,-
BRDA:259,0,1,-
BRDA:259,0,2,-
BRDA:259,0,3,-
DA:260,0
DA:262,0
BRDA:262,0,0,-
BRDA:262,0,1,-
DA:263,0
DA:264,0
BRDA:264,0,0,-
BRDA:264,0,1,-
DA:265,0
DA:271,21
end_of_record
SF:/home/asset/zephyrproject/zephyr/include/zephyr/logging/log_msg.h
FN:709,z_log_msg_runtime_create
FNDA:0,z_log_msg_runtime_create
DA:709,0
DA:717,0
DA:718,0
DA:720,0
DA:721,0
end_of_record
SF:/home/asset/zephyrproject/zephyr/include/zephyr/sys/slist.h
FN:199,sys_slist_init
FNDA:28,sys_slist_init
FN:211,z_snode_next_peek
FNDA:0,z_snode_next_peek
FN:216,z_snode_next_set
FNDA:0,z_snode_next_set
FN:221,z_slist_head_set
FNDA:0,z_slist_head_set
FN:226,z_slist_tail_set
FNDA:0,z_slist_tail_set
FN:238,sys_slist_peek_head
FNDA:42,sys_slist_peek_head
FN:250,sys_slist_peek_tail
FNDA:0,sys_slist_peek_tail
FN:281,sys_slist_peek_next_no_check
FNDA:0,sys_slist_peek_next_no_check
FN:292,sys_slist_peek_next
FNDA:0,sys_slist_peek_next
FN:318,sys_slist_append
FNDA:0,sys_slist_append
DA:199,28
DA:201,28
DA:202,28
DA:203,28
DA:211,0
DA:213,0
DA:216,0
DA:218,0
DA:219,0
DA:221,0
DA:223,0
DA:224,0
DA:226,0
DA:228,0
DA:229,0
DA:238,42
DA:240,42
DA:250,0
DA:252,0
DA:281,0
DA:292,0
BRDA:292,0,0,-
BRDA:292,0,1,-
DA:318,0
BRDA:318,0,0,-
BRDA:318,0,1,-
end_of_record
TN:
SF:/home/asset/zephyrproject/zephyr/subsys/settings/src/settings_line.c
FN:24,settings_line_write
FNDA:0,settings_line_write
FN:150,settings_line_len_calc
FNDA:0,settings_line_len_calc
FN:172,settings_line_raw_read_until
FNDA:0,settings_line_raw_read_until
FN:234,settings_line_raw_read
FNDA:0,settings_line_raw_read
FN:242,settings_line_val_read
FNDA:0,settings_line_val_read
FN:249,settings_line_val_get_len
FNDA:0,settings_line_val_get_len
FN:265,settings_line_name_read
FNDA:0,settings_line_name_read
FN:275,settings_line_entry_copy
FNDA:0,settings_line_entry_copy
FN:311,settings_line_io_init
FNDA:0,settings_line_io_init
FN:326,settings_line_cmp
FNDA:0,settings_line_cmp
FN:363,settings_line_dup_check_cb
FNDA:0,settings_line_dup_check_cb
FN:390,settings_line_read_cb
FNDA:0,settings_line_read_cb
FN:407,settings_line_load_cb
FNDA:0,settings_line_load_cb
DA:24,0
DA:33,0
DA:38,0
DA:68,0
DA:69,0
DA:71,0
DA:72,0
DA:73,0
DA:74,0
DA:76,0
BRDA:76,0,0,-
BRDA:76,0,1,-
DA:77,0
DA:80,0
DA:81,0
DA:83,0
DA:84,0
DA:87,0
BRDA:87,0,0,-
BRDA:87,0,1,-
DA:88,0
BRDA:88,0,0,-
BRDA:88,0,1,-
DA:89,0
DA:90,0
DA:91,0
DA:92,0
DA:93,0
DA:95,0
DA:96,0
BRDA:96,0,0,-
BRDA:96,0,1,-
DA:97,0
DA:98,0
DA:100,0
DA:102,0
DA:103,0
DA:107,0
DA:108,0
BRDA:108,0,0,-
BRDA:108,0,1,-
DA:109,0
DA:112,0
BRDA:112,0,0,-
BRDA:112,0,1,-
DA:113,0
DA:115,0
DA:116,0
DA:119,0
DA:150,0
DA:153,0
DA:172,0
DA:179,0
DA:181,0
DA:183,0
BRDA:183,0,0,-
BRDA:183,0,1,-
DA:184,0
DA:187,0
DA:189,0
BRDA:189,0,0,-
BRDA:189,0,1,-
DA:190,0
DA:192,0
DA:193,0
DA:195,0
DA:196,0
BRDA:196,0,0,-
BRDA:196,0,1,-
DA:197,0
DA:200,0
DA:201,0
DA:202,0
DA:204,0
BRDA:204,0,0,-
BRDA:204,0,1,-
DA:206,0
DA:207,0
BRDA:207,0,0,-
BRDA:207,0,1,-
DA:208,0
DA:209,0
DA:213,0
DA:215,0
DA:217,0
BRDA:217,0,0,-
BRDA:217,0,1,-
BRDA:217,0,2,-
BRDA:217,0,3,-
DA:221,0
DA:222,0
DA:225,0
DA:227,0
BRDA:227,0,0,-
BRDA:227,0,1,-
DA:228,0
DA:231,0
DA:234,0
DA:237,0
DA:242,0
DA:245,0
DA:249,0
DA:253,0
DA:255,0
DA:265,0
DA:268,0
DA:270,0
DA:275,0
DA:278,0
DA:282,0
BRDA:282,0,0,-
BRDA:282,0,1,-
DA:283,0
DA:285,0
DA:286,0
BRDA:286,0,0,-
BRDA:286,0,1,-
DA:287,0
DA:290,0
DA:292,0
BRDA:292,0,0,-
BRDA:292,0,1,-
DA:293,0
DA:294,0
DA:297,0
DA:299,0
BRDA:299,0,0,-
BRDA:299,0,1,-
DA:300,0
DA:303,0
DA:304,0
DA:305,0
DA:308,0
DA:311,0
DA:318,0
DA:319,0
DA:320,0
DA:321,0
DA:322,0
DA:326,0
DA:332,0
DA:333,0
DA:335,0
BRDA:335,0,0,-
BRDA:335,0,1,-
DA:336,0
DA:339,0
BRDA:339,0,0,-
BRDA:339,0,1,-
DA:340,0
DA:341,0
DA:343,0
BRDA:343,0,0,-
BRDA:343,0,1,-
DA:344,0
DA:347,0
BRDA:347,0,0,-
BRDA:347,0,1,-
DA:348,0
DA:349,0
DA:352,0
DA:353,0
BRDA:353,0,0,-
BRDA:353,0,1,-
DA:354,0
DA:356,0
DA:357,0
DA:360,0
DA:363,0
DA:369,0
DA:370,0
BRDA:370,0,0,-
BRDA:370,0,1,-
DA:371,0
DA:374,0
DA:375,0
BRDA:375,0,0,-
BRDA:375,0,1,-
DA:376,0
DA:377,0
BRDA:377,0,0,-
BRDA:377,0,1,-
DA:378,0
DA:380,0
BRDA:380,0,0,-
BRDA:380,0,1,-
DA:382,0
DA:384,0
DA:387,0
DA:390,0
DA:392,0
DA:396,0
DA:400,0
BRDA:400,0,0,-
BRDA:400,0,1,-
DA:401,0
DA:404,0
DA:407,0
DA:412,0
DA:413,0
DA:414,0
DA:415,0
DA:417,0
end_of_record
TN:
SF:/home/asset/zephyrproject/zephyr/include/zephyr/syscall.h
FN:115,k_is_user_context
FNDA:0,k_is_user_context
DA:115,0
DA:120,0
end_of_record
SF:/home/asset/zephyrproject/zephyr/subsys/settings/src/settings_nvs.c
FN:43,settings_nvs_read_fn
FNDA:21,settings_nvs_read_fn
FN:60,settings_nvs_src
FNDA:28,settings_nvs_src
FN:68,settings_nvs_dst
FNDA:28,settings_nvs_dst
FN:121,settings_nvs_load
FNDA:21,settings_nvs_load
FN:202,settings_nvs_save
FNDA:0,settings_nvs_save
FN:335,settings_nvs_backend_init
FNDA:28,settings_nvs_backend_init
FN:362,settings_backend_init
FNDA:28,settings_backend_init
FN:420,settings_nvs_storage_get
FNDA:0,settings_nvs_storage_get
DA:43,21
DA:48,21
DA:50,21
DA:51,21
BRDA:51,0,0,0
BRDA:51,0,1,21
DA:55,0
DA:57,21
DA:60,28
DA:62,28
DA:63,28
DA:65,28
DA:68,28
DA:70,28
DA:71,28
DA:73,28
DA:121,21
DA:124,21
DA:125,21
DA:130,21
DA:132,21
DA:136,42
DA:137,42
BRDA:137,0,0,21
BRDA:137,0,1,21
DA:138,21
DA:145,21
DA:146,21
DA:149,21
BRDA:149,0,0,0
BRDA:149,0,1,21
BRDA:149,0,2,0
BRDA:149,0,3,0
DA:155,0
BRDA:155,0,0,-
BRDA:155,0,1,-
DA:156,0
DA:157,0
DA:158,0
DA:161,0
DA:164,21
BRDA:164,0,0,21
BRDA:164,0,1,0
BRDA:164,0,2,0
BRDA:164,0,3,21
DA:170,0
DA:171,0
DA:173,0
BRDA:173,0,0,-
BRDA:173,0,1,-
DA:174,0
DA:175,0
DA:176,0
DA:179,0
DA:183,21
DA:184,21
DA:185,21
DA:191,21
DA:195,21
BRDA:195,0,0,0
BRDA:195,0,1,21
DA:196,0
DA:199,21
DA:202,0
DA:205,0
DA:209,0
DA:211,0
BRDA:211,0,0,-
BRDA:211,0,1,-
DA:212,0
DA:216,0
BRDA:216,0,0,-
BRDA:216,0,1,-
BRDA:216,0,2,-
BRDA:216,0,3,-
DA:230,0
DA:231,0
DA:232,0
DA:235,0
DA:236,0
BRDA:236,0,0,-
BRDA:236,0,1,-
DA:237,0
DA:240,0
DA:242,0
BRDA:242,0,0,-
BRDA:242,0,1,-
DA:244,0
BRDA:244,0,0,-
BRDA:244,0,1,-
DA:245,0
DA:247,0
DA:250,0
DA:252,0
BRDA:252,0,0,-
BRDA:252,0,1,-
DA:253,0
DA:256,0
BRDA:256,0,0,-
BRDA:256,0,1,-
DA:257,0
DA:258,0
DA:261,0
DA:264,0
DA:265,0
BRDA:265,0,0,-
BRDA:265,0,1,-
DA:266,0
BRDA:266,0,0,-
BRDA:266,0,1,-
DA:267,0
DA:270,0
DA:271,0
BRDA:271,0,0,-
BRDA:271,0,1,-
DA:272,0
DA:276,0
BRDA:276,0,0,-
BRDA:276,0,1,-
DA:277,0
DA:280,0
BRDA:280,0,0,-
BRDA:280,0,1,-
DA:281,0
DA:282,0
DA:283,0
DA:284,0
BRDA:284,0,0,-
BRDA:284,0,1,-
DA:288,0
DA:292,0
DA:296,0
BRDA:296,0,0,-
BRDA:296,0,1,-
DA:297,0
DA:301,0
BRDA:301,0,0,-
BRDA:301,0,1,-
DA:302,0
DA:303,0
DA:305,0
BRDA:305,0,0,-
BRDA:305,0,1,-
DA:306,0
DA:311,0
DA:313,0
BRDA:313,0,0,-
BRDA:313,0,1,-
DA:314,0
DA:318,0
BRDA:318,0,0,-
BRDA:318,0,1,-
DA:319,0
DA:320,0
BRDA:320,0,0,-
BRDA:320,0,1,-
DA:321,0
DA:331,0
DA:335,28
DA:340,28
DA:341,28
BRDA:341,0,0,0
BRDA:341,0,1,28
DA:342,0
DA:345,28
DA:346,28
BRDA:346,0,0,0
BRDA:346,0,1,28
DA:347,0
DA:350,28
DA:352,28
BRDA:352,0,0,0
BRDA:352,0,1,28
DA:353,0
DA:355,28
DA:358,28
BRDA:358,0,0,28
BRDA:358,0,1,0
BRDA:358,0,2,0
BRDA:358,0,3,0
DA:359,28
DA:362,28
DA:366,28
DA:367,28
DA:370,28
DA:372,28
DA:373,28
BRDA:373,0,0,0
BRDA:373,0,1,28
DA:374,0
DA:377,28
DA:379,28
BRDA:379,0,0,28
BRDA:379,0,1,0
BRDA:379,0,2,0
BRDA:379,0,3,28
DA:380,0
DA:383,28
DA:386,28
BRDA:386,0,0,0
BRDA:386,0,1,28
DA:387,0
DA:390,140
BRDA:390,0,0,140
BRDA:390,0,1,0
DA:391,140
DA:392,140
BRDA:392,0,0,28
BRDA:392,0,1,112
DA:393,28
DA:395,112
DA:399,28
DA:400,28
DA:401,28
DA:402,28
DA:404,28
DA:405,28
BRDA:405,0,0,0
BRDA:405,0,1,28
DA:406,0
DA:409,28
DA:411,28
BRDA:411,0,0,0
BRDA:411,0,1,28
DA:412,0
DA:415,28
DA:417,28
DA:420,0
DA:422,0
DA:424,0
end_of_record
SF:/home/asset/zephyrproject/zephyr/include/zephyr/logging/log_msg.h
FN:709,z_log_msg_runtime_create
FNDA:0,z_log_msg_runtime_create
DA:709,0
DA:717,0
DA:718,0
DA:720,0
DA:721,0
end_of_record
TN:
SF:/home/asset/zephyrproject/zephyr/subsys/bluetooth/services/ias/ias.c
FN:42,set_alert_level
FNDA:4,set_alert_level
FN:83,disconnected
FNDA:0,disconnected
FN:89,bt_ias_local_alert_stop
FNDA:0,bt_ias_local_alert_stop
FN:104,bt_ias_write_alert_lvl
FNDA:4,bt_ias_write_alert_lvl
DA:42,4
DA:44,4
DA:47,8
BRDA:47,0,0,4
BRDA:47,0,1,4
DA:48,4
BRDA:48,0,0,4
BRDA:48,0,1,0
DA:49,4
DA:53,4
BRDA:53,0,0,0
BRDA:53,0,1,4
DA:54,0
DA:57,4
DA:59,4
BRDA:59,0,0,0
BRDA:59,0,1,4
DA:60,0
BRDA:60,0,0,-
BRDA:60,0,1,-
DA:61,0
BRDA:61,0,0,-
BRDA:61,0,1,-
DA:62,0
DA:65,0
BRDA:65,0,0,-
BRDA:65,0,1,-
BRDA:65,0,2,-
BRDA:65,0,3,-
DA:66,4
BRDA:66,0,0,4
BRDA:66,0,1,0
DA:67,8
BRDA:67,0,0,4
BRDA:67,0,1,4
DA:68,4
BRDA:68,0,0,4
BRDA:68,0,1,0
DA:69,4
DA:72,4
BRDA:72,0,0,4
BRDA:72,0,1,0
BRDA:72,0,2,0
BRDA:72,0,3,0
DA:74,0
BRDA:74,0,0,-
BRDA:74,0,1,-
DA:75,0
BRDA:75,0,0,-
BRDA:75,0,1,-
DA:76,0
DA:79,0
BRDA:79,0,0,-
BRDA:79,0,1,-
BRDA:79,0,2,-
BRDA:79,0,3,-
DA:83,0
DA:85,0
DA:86,0
DA:87,0
DA:89,0
DA:91,0
BRDA:91,0,0,-
BRDA:91,0,1,-
DA:92,0
DA:95,0
BRDA:95,0,0,-
BRDA:95,0,1,-
DA:96,0
DA:98,0
DA:99,0
DA:101,0
DA:104,4
DA:110,4
BRDA:110,0,0,0
BRDA:110,0,1,4
DA:111,0
DA:114,4
BRDA:114,0,0,0
BRDA:114,0,1,4
DA:115,0
DA:118,4
DA:119,4
DA:120,4
DA:122,4
BRDA:122,0,0,0
BRDA:122,0,1,4
DA:123,0
DA:125,4
DA:127,4
end_of_record
SF:/home/asset/zephyrproject/zephyr/include/zephyr/logging/log_msg.h
FN:709,z_log_msg_runtime_create
FNDA:0,z_log_msg_runtime_create
DA:709,0
DA:717,0
DA:718,0
DA:720,0
DA:721,0
end_of_record
SF:/home/asset/zephyrproject/zephyr/include/zephyr/syscall.h
FN:115,k_is_user_context
FNDA:0,k_is_user_context
DA:115,0
DA:120,0
end_of_record
TN:
SF:/home/asset/zephyrproject/zephyr/subsys/bluetooth/services/dis.c
FN:86,read_str
FNDA:12,read_str
FN:95,read_pnp_id
FNDA:6,read_pnp_id
DA:86,12
DA:90,24
DA:91,12
DA:95,6
DA:99,6
end_of_record
TN:
SF:/home/asset/zephyrproject/zephyr/include/zephyr/sys/slist.h
FN:211,z_snode_next_peek
FNDA:0,z_snode_next_peek
FN:216,z_snode_next_set
FNDA:0,z_snode_next_set
FN:221,z_slist_head_set
FNDA:0,z_slist_head_set
FN:226,z_slist_tail_set
FNDA:0,z_slist_tail_set
FN:238,sys_slist_peek_head
FNDA:5,sys_slist_peek_head
FN:250,sys_slist_peek_tail
FNDA:0,sys_slist_peek_tail
FN:281,sys_slist_peek_next_no_check
FNDA:0,sys_slist_peek_next_no_check
FN:292,sys_slist_peek_next
FNDA:0,sys_slist_peek_next
FN:318,sys_slist_append
FNDA:0,sys_slist_append
FN:408,sys_slist_remove
FNDA:0,sys_slist_remove
FN:435,sys_slist_find_and_remove
FNDA:0,sys_slist_find_and_remove
DA:211,0
DA:213,0
DA:216,0
DA:218,0
DA:219,0
DA:221,0
DA:223,0
DA:224,0
DA:226,0
DA:228,0
DA:229,0
DA:238,5
DA:240,5
DA:250,0
DA:252,0
DA:281,0
DA:292,0
BRDA:292,0,0,-
BRDA:292,0,1,-
DA:318,0
BRDA:318,0,0,-
BRDA:318,0,1,-
DA:408,0
BRDA:408,0,0,-
BRDA:408,0,1,-
BRDA:408,0,2,-
BRDA:408,0,3,-
BRDA:408,0,4,-
BRDA:408,0,5,-
DA:435,0
BRDA:435,0,0,-
BRDA:435,0,1,-
BRDA:435,0,2,-
BRDA:435,0,3,-
end_of_record
SF:/home/asset/zephyrproject/zephyr/include/zephyr/bluetooth/gatt.h
FN:1188,bt_gatt_notify
FNDA:393,bt_gatt_notify
DA:1188,393
DA:1194,393
DA:1196,393
DA:1197,393
DA:1198,393
DA:1203,393
end_of_record
SF:/home/asset/zephyrproject/zephyr/include/zephyr/logging/log_msg.h
FN:709,z_log_msg_runtime_create
FNDA:5,z_log_msg_runtime_create
DA:709,5
DA:717,5
DA:718,5
DA:720,5
DA:721,5
end_of_record
SF:/home/asset/zephyrproject/zephyr/subsys/bluetooth/services/hrs.c
FN:58,hrmc_ccc_cfg_changed
FNDA:5,hrmc_ccc_cfg_changed
FN:75,read_blsc
FNDA:5,read_blsc
FN:97,hrs_init
FNDA:28,hrs_init
FN:105,bt_hrs_cb_register
FNDA:0,bt_hrs_cb_register
FN:116,bt_hrs_cb_unregister
FNDA:0,bt_hrs_cb_unregister
FN:129,bt_hrs_notify
FNDA:393,bt_hrs_notify
DA:58,5
DA:64,5
DA:66,5
BRDA:66,0,0,0
BRDA:66,0,1,5
BRDA:66,0,2,0
BRDA:66,0,3,5
BRDA:66,0,4,5
BRDA:66,0,5,0
DA:68,5
BRDA:68,0,0,0
BRDA:68,0,1,5
BRDA:68,0,2,0
BRDA:68,0,3,0
BRDA:68,0,4,0
BRDA:68,0,5,0
BRDA:68,0,6,0
BRDA:68,0,7,5
DA:69,0
BRDA:69,0,0,-
BRDA:69,0,1,-
DA:70,0
DA:73,5
DA:75,5
DA:78,5
DA:97,28
DA:100,28
DA:102,28
DA:105,0
DA:107,0
BRDA:107,0,0,-
BRDA:107,0,1,-
DA:108,0
DA:111,0
DA:113,0
DA:116,0
DA:118,0
BRDA:118,0,0,-
BRDA:118,0,1,-
DA:119,0
DA:122,0
BRDA:122,0,0,-
BRDA:122,0,1,-
DA:123,0
DA:126,0
DA:129,393
DA:134,393
DA:135,393
DA:137,393
DA:139,393
BRDA:139,0,0,172
BRDA:139,0,1,221
end_of_record
SF:/home/asset/zephyrproject/zephyr/include/zephyr/syscall.h
FN:115,k_is_user_context
FNDA:5,k_is_user_context
DA:115,5
DA:120,5
end_of_record
TN:
SF:/home/asset/zephyrproject/zephyr/include/zephyr/syscall.h
FN:115,k_is_user_context
FNDA:9,k_is_user_context
DA:115,9
DA:120,9
end_of_record
SF:/home/asset/zephyrproject/zephyr/include/zephyr/bluetooth/gatt.h
FN:1188,bt_gatt_notify
FNDA:393,bt_gatt_notify
DA:1188,393
DA:1194,393
DA:1196,393
DA:1197,393
DA:1198,393
DA:1203,393
end_of_record
SF:/home/asset/zephyrproject/zephyr/subsys/bluetooth/services/bas.c
FN:30,blvl_ccc_cfg_changed
FNDA:9,blvl_ccc_cfg_changed
FN:40,read_blvl
FNDA:9,read_blvl
FN:72,bas_init
FNDA:28,bas_init
FN:78,bt_bas_get_battery_level
FNDA:393,bt_bas_get_battery_level
FN:83,bt_bas_set_battery_level
FNDA:393,bt_bas_set_battery_level
DA:30,9
DA:35,9
DA:37,9
BRDA:37,0,0,0
BRDA:37,0,1,9
BRDA:37,0,2,0
BRDA:37,0,3,9
BRDA:37,0,4,5
BRDA:37,0,5,4
DA:38,9
DA:40,9
DA:44,9
DA:46,9
DA:72,28
DA:75,28
DA:78,393
DA:80,393
DA:83,393
DA:87,393
BRDA:87,0,0,0
BRDA:87,0,1,393
DA:88,0
DA:91,393
DA:93,393
DA:95,393
BRDA:95,0,0,178
BRDA:95,0,1,215
end_of_record
SF:/home/asset/zephyrproject/zephyr/include/zephyr/logging/log_msg.h
FN:709,z_log_msg_runtime_create
FNDA:9,z_log_msg_runtime_create
DA:709,9
DA:717,9
DA:718,9
DA:720,9
DA:721,9
end_of_record
TN:
SF:/home/asset/zephyrproject/zephyr/include/zephyr/drivers/flash.h
FN:173,z_impl_flash_read
FNDA:21875,z_impl_flash_read
FN:205,z_impl_flash_write
FNDA:0,z_impl_flash_write
FN:240,z_impl_flash_erase
FNDA:0,z_impl_flash_erase
FN:400,z_impl_flash_get_write_block_size
FNDA:28,z_impl_flash_get_write_block_size
FN:422,z_impl_flash_get_parameters
FNDA:28,z_impl_flash_get_parameters
DA:173,21875
DA:177,21875
DA:180,21875
DA:205,0
DA:208,0
DA:212,0
DA:214,0
DA:240,0
DA:243,0
DA:247,0
DA:249,0
DA:400,28
DA:402,28
DA:405,28
DA:422,28
DA:424,28
DA:427,28
end_of_record
SF:/home/asset/zephyrproject/build/zephyr/include/generated/syscalls/flash.h
FN:26,flash_read
FNDA:21875,flash_read
FN:52,flash_write
FNDA:0,flash_write
FN:78,flash_erase
FNDA:0,flash_erase
FN:103,flash_get_page_info_by_offs
FNDA:28,flash_get_page_info_by_offs
FN:226,flash_get_write_block_size
FNDA:28,flash_get_write_block_size
FN:249,flash_get_parameters
FNDA:28,flash_get_parameters
DA:26,21875
DA:37,21875
DA:38,21875
DA:52,0
DA:63,0
DA:64,0
DA:78,0
DA:88,0
DA:89,0
DA:103,28
DA:113,28
DA:114,28
DA:226,28
DA:234,28
DA:235,28
DA:249,28
DA:257,28
DA:258,28
end_of_record
SF:/home/asset/zephyrproject/zephyr/include/zephyr/logging/log_msg.h
FN:709,z_log_msg_runtime_create
FNDA:84,z_log_msg_runtime_create
DA:709,84
DA:717,84
DA:718,84
DA:720,84
DA:721,84
end_of_record
SF:/home/asset/zephyrproject/build/zephyr/include/generated/syscalls/kernel.h
FN:960,k_mutex_init
FNDA:28,k_mutex_init
FN:976,k_mutex_lock
FNDA:28,k_mutex_lock
FN:993,k_mutex_unlock
FNDA:28,k_mutex_unlock
DA:960,28
DA:968,28
DA:969,28
DA:976,28
DA:985,28
DA:986,28
DA:993,28
DA:1001,28
DA:1002,28
end_of_record
SF:/home/asset/zephyrproject/zephyr/include/zephyr/syscall.h
FN:115,k_is_user_context
FNDA:84,k_is_user_context
DA:115,84
DA:120,84
end_of_record
SF:/home/asset/zephyrproject/zephyr/subsys/fs/nvs/nvs.c
FN:89,nvs_al_size
FNDA:14770,nvs_al_size
FN:102,nvs_flash_al_wrt
FNDA:0,nvs_flash_al_wrt
FN:145,nvs_flash_rd
FNDA:21875,nvs_flash_rd
FN:160,nvs_flash_ate_wrt
FNDA:0,nvs_flash_ate_wrt
FN:178,nvs_flash_data_wrt
FNDA:0,nvs_flash_data_wrt
FN:189,nvs_flash_ate_rd
FNDA:14532,nvs_flash_ate_rd
FN:203,nvs_flash_block_cmp
FNDA:7252,nvs_flash_block_cmp
FN:235,nvs_flash_cmp_const
FNDA:196,nvs_flash_cmp_const
FN:261,nvs_flash_block_move
FNDA:0,nvs_flash_block_move
FN:289,nvs_flash_erase_sector
FNDA:0,nvs_flash_erase_sector
FN:320,nvs_ate_crc8_update
FNDA:0,nvs_ate_crc8_update
FN:331,nvs_ate_crc8_check
FNDA:14315,nvs_ate_crc8_check
FN:346,nvs_ate_cmp_const
FNDA:56,nvs_ate_cmp_const
FN:364,nvs_ate_valid
FNDA:14315,nvs_ate_valid
FN:384,nvs_close_ate_valid
FNDA:0,nvs_close_ate_valid
FN:402,nvs_flash_wrt_entry
FNDA:0,nvs_flash_wrt_entry
FN:435,nvs_recover_last_ate
FNDA:28,nvs_recover_last_ate
FN:470,nvs_prev_ate
FNDA:280,nvs_prev_ate
FN:525,nvs_sector_advance
FNDA:56,nvs_sector_advance
FN:536,nvs_sector_close
FNDA:0,nvs_sector_close
FN:562,nvs_add_gc_done_ate
FNDA:0,nvs_add_gc_done_ate
FN:580,nvs_gc
FNDA:0,nvs_gc
FN:703,nvs_startup
FNDA:28,nvs_startup
FN:924,nvs_clear
FNDA:0,nvs_clear
FN:948,nvs_mount
FNDA:28,nvs_mount
FN:1007,nvs_write
FNDA:0,nvs_write
FN:1137,nvs_delete
FNDA:0,nvs_delete
FN:1142,nvs_read_hist
FNDA:91,nvs_read_hist
FN:1208,nvs_read
FNDA:91,nvs_read
FN:1216,nvs_calc_free_space
FNDA:0,nvs_calc_free_space
DA:89,14770
DA:91,14770
DA:93,14770
BRDA:93,0,0,14770
BRDA:93,0,1,0
DA:94,14770
DA:96,0
DA:102,0
DA:105,0
DA:106,0
DA:111,0
BRDA:111,0,0,-
BRDA:111,0,1,-
DA:113,0
DA:116,0
DA:117,0
DA:118,0
DA:120,0
DA:121,0
BRDA:121,0,0,-
BRDA:121,0,1,-
DA:122,0
DA:123,0
BRDA:123,0,0,-
BRDA:123,0,1,-
DA:125,0
DA:127,0
DA:128,0
DA:129,0
DA:131,0
BRDA:131,0,0,-
BRDA:131,0,1,-
DA:132,0
DA:133,0
DA:134,0
DA:136,0
DA:137,0
DA:140,0
DA:141,0
DA:145,21875
DA:151,21875
DA:152,21875
DA:153,21875
DA:155,21875
DA:156,21875
DA:160,0
DA:164,0
DA:172,0
DA:174,0
DA:178,0
DA:182,0
DA:183,0
DA:185,0
DA:189,14532
DA:192,14532
DA:203,7252
DA:206,7252
DA:211,7252
DA:212,7252
DA:214,14504
BRDA:214,0,0,7252
BRDA:214,0,1,7252
DA:215,7252
DA:216,7252
DA:217,7252
BRDA:217,0,0,0
BRDA:217,0,1,7252
DA:218,0
DA:220,7252
DA:221,7252
BRDA:221,0,0,0
BRDA:221,0,1,7252
DA:222,0
DA:224,7252
DA:225,7252
DA:226,7252
DA:228,7252
DA:235,196
DA:242,196
DA:243,196
DA:245,196
DA:246,7448
BRDA:246,0,0,7252
BRDA:246,0,1,196
DA:247,7252
DA:248,7252
DA:249,7252
BRDA:249,0,0,0
BRDA:249,0,1,7252
DA:250,0
DA:252,7252
DA:253,7252
DA:255,196
DA:261,0
DA:267,0
DA:268,0
DA:270,0
BRDA:270,0,0,-
BRDA:270,0,1,-
DA:271,0
DA:272,0
DA:273,0
BRDA:273,0,0,-
BRDA:273,0,1,-
DA:274,0
DA:276,0
DA:277,0
BRDA:277,0,0,-
BRDA:277,0,1,-
DA:278,0
DA:280,0
DA:281,0
DA:283,0
DA:289,0
DA:294,0
DA:296,0
DA:297,0
DA:299,0
BRDA:299,0,0,-
BRDA:299,0,1,-
BRDA:299,0,2,-
BRDA:299,0,3,-
DA:305,0
DA:307,0
BRDA:307,0,0,-
BRDA:307,0,1,-
DA:308,0
DA:311,0
BRDA:311,0,0,-
BRDA:311,0,1,-
DA:312,0
DA:313,0
DA:316,0
DA:320,0
DA:324,0
DA:325,0
DA:326,0
DA:331,14315
DA:335,14315
DA:336,14315
BRDA:336,0,0,231
BRDA:336,0,1,14084
DA:337,231
DA:339,14084
DA:346,56
DA:348,56
DA:351,280
BRDA:351,0,0,252
BRDA:351,0,1,28
DA:352,252
BRDA:352,0,0,28
BRDA:352,0,1,224
DA:353,28
DA:357,28
DA:364,14315
DA:368,14315
DA:370,14315
BRDA:370,0,0,231
BRDA:370,0,1,14084
DA:371,231
BRDA:371,0,0,0
BRDA:371,0,1,231
DA:372,14084
DA:375,231
DA:384,0
DA:388,0
BRDA:388,0,0,-
BRDA:388,0,1,-
BRDA:388,0,2,-
BRDA:388,0,3,-
DA:389,0
BRDA:389,0,0,-
BRDA:389,0,1,-
DA:390,0
DA:393,0
DA:394,0
BRDA:394,0,0,-
BRDA:394,0,1,-
DA:395,0
DA:398,0
DA:402,0
DA:408,0
DA:409,0
DA:410,0
DA:411,0
DA:413,0
DA:415,0
DA:416,0
BRDA:416,0,0,-
BRDA:416,0,1,-
DA:417,0
DA:419,0
DA:420,0
BRDA:420,0,0,-
BRDA:420,0,1,-
DA:421,0
DA:424,0
DA:435,28
DA:442,28
BRDA:442,0,0,28
BRDA:442,0,1,0
BRDA:442,0,2,0
BRDA:442,0,3,0
DA:445,28
DA:447,28
DA:448,28
DA:449,28
DA:450,14224
BRDA:450,0,0,14196
BRDA:450,0,1,28
DA:451,14196
DA:452,14196
BRDA:452,0,0,0
BRDA:452,0,1,14196
DA:453,0
DA:455,14196
BRDA:455,0,0,112
BRDA:455,0,1,14084
DA:457,112
DA:458,112
DA:459,112
DA:461,14196
DA:464,28
DA:470,280
DA:476,280
DA:478,280
DA:479,280
BRDA:479,0,0,0
BRDA:479,0,1,280
DA:480,0
DA:483,280
DA:484,280
BRDA:484,0,0,280
BRDA:484,0,1,0
DA:485,280
DA:489,0
BRDA:489,0,0,-
BRDA:489,0,1,-
DA:490,0
DA:492,0
DA:495,0
DA:496,0
BRDA:496,0,0,-
BRDA:496,0,1,-
DA:497,0
DA:500,0
DA:502,0
BRDA:502,0,0,-
BRDA:502,0,1,-
DA:503,0
DA:504,0
DA:509,0
BRDA:509,0,0,-
BRDA:509,0,1,-
DA:510,0
DA:511,0
DA:512,0
DA:522,0
DA:525,56
DA:527,56
DA:528,56
BRDA:528,0,0,28
BRDA:528,0,1,28
DA:529,28
DA:531,56
DA:536,0
DA:541,0
DA:543,0
DA:544,0
DA:545,0
DA:546,0
DA:548,0
DA:549,0
DA:551,0
DA:553,0
DA:555,0
DA:557,0
DA:559,0
DA:562,0
DA:566,0
BRDA:566,0,0,-
BRDA:566,0,1,-
BRDA:566,0,2,-
BRDA:566,0,3,-
DA:567,0
DA:568,0
DA:569,0
DA:570,0
DA:571,0
DA:573,0
DA:580,0
DA:588,0
DA:590,0
DA:591,0
DA:592,0
DA:595,0
DA:596,0
BRDA:596,0,0,-
BRDA:596,0,1,-
DA:598,0
DA:601,0
DA:602,0
BRDA:602,0,0,-
BRDA:602,0,1,-
DA:603,0
DA:606,0
DA:608,0
BRDA:608,0,0,-
BRDA:608,0,1,-
DA:609,0
DA:610,0
DA:612,0
DA:613,0
BRDA:613,0,0,-
BRDA:613,0,1,-
DA:614,0
DA:619,0
DA:620,0
DA:621,0
BRDA:621,0,0,-
BRDA:621,0,1,-
DA:622,0
DA:625,0
BRDA:625,0,0,-
BRDA:625,0,1,-
DA:626,0
DA:636,0
DA:639,0
DA:640,0
DA:641,0
BRDA:641,0,0,-
BRDA:641,0,1,-
DA:642,0
DA:649,0
BRDA:649,0,0,-
BRDA:649,0,1,-
BRDA:649,0,2,-
BRDA:649,0,3,-
DA:650,0
DA:651,0
DA:653,0
BRDA:653,0,0,-
BRDA:653,0,1,-
DA:658,0
BRDA:658,0,0,-
BRDA:658,0,1,-
BRDA:658,0,2,-
BRDA:658,0,3,-
DA:660,0
BRDA:660,0,0,-
BRDA:660,0,1,-
BRDA:660,0,2,-
BRDA:660,0,3,-
DA:662,0
DA:663,0
DA:665,0
DA:666,0
DA:668,0
DA:669,0
BRDA:669,0,0,-
BRDA:669,0,1,-
DA:670,0
DA:673,0
DA:674,0
BRDA:674,0,0,-
BRDA:674,0,1,-
DA:675,0
DA:678,0
BRDA:678,0,0,-
BRDA:678,0,1,-
DA:680,0
DA:688,0
BRDA:688,0,0,-
BRDA:688,0,1,-
DA:689,0
DA:690,0
BRDA:690,0,0,-
BRDA:690,0,1,-
DA:691,0
DA:696,0
DA:697,0
BRDA:697,0,0,-
BRDA:697,0,1,-
DA:698,0
DA:700,0
DA:703,28
DA:712,28
DA:713,28
DA:714,28
DA:716,28
DA:718,28
DA:722,140
BRDA:722,0,0,112
BRDA:722,0,1,28
DA:723,112
DA:724,112
DA:725,112
DA:727,112
BRDA:727,0,0,0
BRDA:727,0,1,112
DA:729,0
DA:730,0
DA:731,0
DA:733,0
BRDA:733,0,0,-
BRDA:733,0,1,-
DA:735,0
DA:740,28
BRDA:740,0,0,0
BRDA:740,0,1,28
DA:741,0
DA:742,0
DA:745,28
BRDA:745,0,0,28
BRDA:745,0,1,0
DA:751,28
DA:753,28
BRDA:753,0,0,28
BRDA:753,0,1,0
DA:755,28
DA:763,28
DA:764,28
BRDA:764,0,0,0
BRDA:764,0,1,28
DA:765,0
DA:772,28
DA:773,28
DA:775,56
BRDA:775,0,0,56
BRDA:775,0,1,0
DA:776,56
DA:777,56
BRDA:777,0,0,0
BRDA:777,0,1,56
DA:778,0
DA:781,56
DA:783,56
BRDA:783,0,0,28
BRDA:783,0,1,28
DA:785,28
DA:788,28
BRDA:788,0,0,28
BRDA:788,0,1,0
DA:790,28
DA:797,28
DA:802,28
BRDA:802,0,0,0
BRDA:802,0,1,28
BRDA:802,0,2,0
BRDA:802,0,3,0
DA:804,0
DA:805,0
DA:809,28
DA:818,28
DA:819,28
DA:820,28
DA:821,28
BRDA:821,0,0,0
BRDA:821,0,1,28
DA:822,0
DA:824,28
BRDA:824,0,0,0
BRDA:824,0,1,28
DA:828,0
DA:831,0
DA:832,0
BRDA:832,0,0,-
BRDA:832,0,1,-
DA:833,0
DA:834,0
BRDA:834,0,0,-
BRDA:834,0,1,-
DA:835,0
DA:837,0
BRDA:837,0,0,-
BRDA:837,0,1,-
DA:838,0
BRDA:838,0,0,-
BRDA:838,0,1,-
DA:839,0
BRDA:839,0,0,-
BRDA:839,0,1,-
DA:840,0
DA:841,0
DA:843,0
DA:846,0
BRDA:846,0,0,-
BRDA:846,0,1,-
DA:848,0
BRDA:848,0,0,-
BRDA:848,0,1,-
BRDA:848,0,2,-
BRDA:848,0,3,-
DA:849,0
DA:850,0
DA:851,0
DA:852,0
DA:854,0
BRDA:854,0,0,-
BRDA:854,0,1,-
BRDA:854,0,2,-
BRDA:854,0,3,-
DA:855,0
DA:856,0
BRDA:856,0,0,-
BRDA:856,0,1,-
DA:857,0
DA:859,0
DA:860,0
DA:861,0
DA:872,0
DA:873,0
DA:877,28
BRDA:877,0,0,28
BRDA:877,0,1,0
DA:878,28
DA:880,28
DA:882,28
BRDA:882,0,0,0
BRDA:882,0,1,28
DA:883,0
DA:885,28
BRDA:885,0,0,28
BRDA:885,0,1,0
DA:886,28
DA:889,0
DA:896,28
BRDA:896,0,0,28
BRDA:896,0,1,0
DA:897,0
BRDA:897,0,0,-
BRDA:897,0,1,-
DA:898,0
DA:899,0
BRDA:899,0,0,-
BRDA:899,0,1,-
DA:900,0
DA:902,0
DA:905,28
DA:915,28
BRDA:915,0,0,28
BRDA:915,0,1,0
DA:916,28
BRDA:916,0,0,0
BRDA:916,0,1,28
DA:918,0
DA:920,28
DA:921,28
DA:924,0
DA:929,0
BRDA:929,0,0,-
BRDA:929,0,1,-
DA:930,0
BRDA:930,0,0,-
BRDA:930,0,1,-
BRDA:930,0,2,-
BRDA:930,0,3,-
DA:931,0
DA:934,0
BRDA:934,0,0,-
BRDA:934,0,1,-
DA:935,0
DA:936,0
DA:937,0
BRDA:937,0,0,-
BRDA:937,0,1,-
DA:938,0
DA:943,0
DA:945,0
DA:948,28
DA:955,28
DA:957,28
DA:958,28
BRDA:958,0,0,0
BRDA:958,0,1,28
DA:959,0
BRDA:959,0,0,-
BRDA:959,0,1,-
BRDA:959,0,2,-
BRDA:959,0,3,-
DA:960,0
DA:963,28
DA:966,28
BRDA:966,0,0,28
BRDA:966,0,1,0
BRDA:966,0,2,0
BRDA:966,0,3,28
DA:967,0
BRDA:967,0,0,-
BRDA:967,0,1,-
BRDA:967,0,2,-
BRDA:967,0,3,-
DA:968,0
DA:972,28
DA:973,28
BRDA:973,0,0,0
BRDA:973,0,1,28
DA:974,0
BRDA:974,0,0,-
BRDA:974,0,1,-
BRDA:974,0,2,-
BRDA:974,0,3,-
DA:975,0
DA:977,28
BRDA:977,0,0,28
BRDA:977,0,1,0
BRDA:977,0,2,0
BRDA:977,0,3,28
DA:978,0
BRDA:978,0,0,-
BRDA:978,0,1,-
BRDA:978,0,2,-
BRDA:978,0,3,-
DA:979,0
DA:983,28
BRDA:983,0,0,0
BRDA:983,0,1,28
DA:984,0
BRDA:984,0,0,-
BRDA:984,0,1,-
BRDA:984,0,2,-
BRDA:984,0,3,-
DA:985,0
DA:988,28
DA:989,28
BRDA:989,0,0,0
BRDA:989,0,1,28
DA:990,0
DA:994,28
DA:996,28
BRDA:996,0,0,0
BRDA:996,0,1,28
BRDA:996,0,2,0
BRDA:996,0,3,28
DA:997,28
BRDA:997,0,0,0
BRDA:997,0,1,28
BRDA:997,0,2,0
BRDA:997,0,3,28
DA:1000,28
BRDA:1000,0,0,0
BRDA:1000,0,1,28
BRDA:1000,0,2,0
BRDA:1000,0,3,28
DA:1004,28
DA:1007,0
DA:1013,0
DA:1014,0
DA:1016,0
BRDA:1016,0,0,-
BRDA:1016,0,1,-
DA:1017,0
BRDA:1017,0,0,-
BRDA:1017,0,1,-
BRDA:1017,0,2,-
BRDA:1017,0,3,-
DA:1018,0
DA:1021,0
DA:1022,0
DA:1028,0
BRDA:1028,0,0,-
BRDA:1028,0,1,-
BRDA:1028,0,2,-
BRDA:1028,0,3,-
DA:1029,0
BRDA:1029,0,0,-
BRDA:1029,0,1,-
DA:1030,0
DA:1041,0
DA:1043,0
DA:1046,0
DA:1047,0
DA:1048,0
BRDA:1048,0,0,-
BRDA:1048,0,1,-
DA:1049,0
DA:1051,0
BRDA:1051,0,0,-
BRDA:1051,0,1,-
BRDA:1051,0,2,-
BRDA:1051,0,3,-
DA:1052,0
DA:1053,0
DA:1055,0
BRDA:1055,0,0,-
BRDA:1055,0,1,-
DA:1056,0
DA:1064,0
BRDA:1064,0,0,-
BRDA:1064,0,1,-
DA:1066,0
DA:1067,0
DA:1069,0
BRDA:1069,0,0,-
BRDA:1069,0,1,-
DA:1071,0
BRDA:1071,0,0,-
BRDA:1071,0,1,-
DA:1075,0
DA:1077,0
BRDA:1077,0,0,-
BRDA:1077,0,1,-
DA:1080,0
DA:1081,0
BRDA:1081,0,0,-
BRDA:1081,0,1,-
DA:1082,0
DA:1087,0
BRDA:1087,0,0,-
BRDA:1087,0,1,-
DA:1088,0
DA:1093,0
BRDA:1093,0,0,-
BRDA:1093,0,1,-
DA:1095,0
DA:1098,0
DA:1100,0
DA:1102,0
BRDA:1102,0,0,-
BRDA:1102,0,1,-
DA:1106,0
DA:1107,0
DA:1110,0
BRDA:1110,0,0,-
BRDA:1110,0,1,-
DA:1112,0
DA:1113,0
BRDA:1113,0,0,-
BRDA:1113,0,1,-
DA:1114,0
DA:1116,0
DA:1120,0
DA:1121,0
BRDA:1121,0,0,-
BRDA:1121,0,1,-
DA:1122,0
DA:1125,0
DA:1126,0
BRDA:1126,0,0,-
BRDA:1126,0,1,-
DA:1127,0
DA:1129,0
DA:1131,0
DA:1132,0
DA:1133,0
DA:1134,0
DA:1137,0
DA:1139,0
DA:1142,91
DA:1151,91
BRDA:1151,0,0,0
BRDA:1151,0,1,91
DA:1152,0
BRDA:1152,0,0,-
BRDA:1152,0,1,-
BRDA:1152,0,2,-
BRDA:1152,0,3,-
DA:1153,0
DA:1156,91
DA:1158,91
BRDA:1158,0,0,0
BRDA:1158,0,1,91
DA:1159,0
DA:1162,91
DA:1172,91
DA:1174,91
DA:1176,371
BRDA:1176,0,0,280
BRDA:1176,0,1,91
DA:1177,280
DA:1178,280
DA:1179,280
BRDA:1179,0,0,0
BRDA:1179,0,1,280
DA:1180,0
DA:1182,280
BRDA:1182,0,0,91
BRDA:1182,0,1,189
BRDA:1182,0,2,91
BRDA:1182,0,3,0
DA:1183,91
DA:1185,280
BRDA:1185,0,0,0
BRDA:1185,0,1,280
DA:1186,0
DA:1190,91
BRDA:1190,0,0,0
BRDA:1190,0,1,91
BRDA:1190,0,2,0
BRDA:1190,0,3,0
DA:1191,91
BRDA:1191,0,0,91
BRDA:1191,0,1,0
BRDA:1191,0,2,0
BRDA:1191,0,3,91
DA:1192,0
DA:1195,91
DA:1196,91
DA:1197,91
DA:1198,91
BRDA:1198,0,0,0
BRDA:1198,0,1,91
DA:1199,0
DA:1202,91
DA:1204,0
DA:1205,0
DA:1208,91
DA:1212,91
DA:1213,91
DA:1216,0
DA:1224,0
BRDA:1224,0,0,-
BRDA:1224,0,1,-
DA:1225,0
BRDA:1225,0,0,-
BRDA:1225,0,1,-
BRDA:1225,0,2,-
BRDA:1225,0,3,-
DA:1226,0
DA:1229,0
DA:1231,0
DA:1232,0
BRDA:1232,0,0,-
BRDA:1232,0,1,-
DA:1233,0
DA:1236,0
DA:1239,0
DA:1240,0
BRDA:1240,0,0,-
BRDA:1240,0,1,-
DA:1241,0
DA:1244,0
DA:1247,0
DA:1248,0
BRDA:1248,0,0,-
BRDA:1248,0,1,-
DA:1249,0
DA:1251,0
BRDA:1251,0,0,-
BRDA:1251,0,1,-
DA:1252,0
BRDA:1252,0,0,-
BRDA:1252,0,1,-
DA:1257,0
BRDA:1257,0,0,-
BRDA:1257,0,1,-
BRDA:1257,0,2,-
BRDA:1257,0,3,-
BRDA:1257,0,4,-
BRDA:1257,0,5,-
DA:1258,0
DA:1260,0
DA:1261,0
DA:1264,0
BRDA:1264,0,0,-
BRDA:1264,0,1,-
DA:1265,0
DA:1268,0
end_of_record
TN:
SF:/home/asset/zephyrproject/zephyr/include/zephyr/sys/cbprintf.h
FN:744,cbvprintf
FNDA:1626,cbvprintf
FN:803,cbpprintf
FNDA:354,cbpprintf
DA:744,1626
DA:746,1626
DA:803,354
DA:816,354
end_of_record
SF:/home/asset/zephyrproject/zephyr/subsys/logging/log_output.c
FN:73,level_to_rfc5424_severity
FNDA:0,level_to_rfc5424_severity
FN:101,out_func
FNDA:21794,out_func
FN:127,cr_out_func
FNDA:5519,cr_out_func
FN:137,print_formatted
FNDA:1272,print_formatted
FN:150,buffer_write
FNDA:354,buffer_write
FN:163,log_output_flush
FNDA:354,log_output_flush
FN:172,is_leap_year
FNDA:0,is_leap_year
FN:177,get_YMD_from_seconds
FNDA:0,get_YMD_from_seconds
FN:212,timestamp_print
FNDA:212,timestamp_print
FN:302,color_print
FNDA:424,color_print
FN:312,color_prefix
FNDA:212,color_prefix
FN:318,color_postfix
FNDA:212,color_postfix
FN:325,ids_print
FNDA:212,ids_print
FN:364,newline_print
FNDA:212,newline_print
FN:382,hexdump_line_print
FNDA:0,hexdump_line_print
FN:422,log_msg_hexdump
FNDA:0,log_msg_hexdump
FN:438,prefix_print
FNDA:212,prefix_print
FN:499,postfix_print
FNDA:212,postfix_print
FN:507,log_output_process
FNDA:354,log_output_process
FN:553,log_output_msg_process
FNDA:354,log_output_msg_process
FN:585,log_output_dropped_process
FNDA:0,log_output_dropped_process
FN:604,log_output_timestamp_freq_set
FNDA:28,log_output_timestamp_freq_set
FN:618,log_output_timestamp_to_us
FNDA:0,log_output_timestamp_to_us
DA:73,0
DA:77,0
BRDA:77,0,0,-
BRDA:77,0,1,-
BRDA:77,0,2,-
BRDA:77,0,3,-
BRDA:77,0,4,-
BRDA:77,0,5,-
DA:78,0
DA:79,0
DA:80,0
DA:81,0
DA:82,0
DA:83,0
DA:84,0
DA:85,0
DA:86,0
DA:87,0
DA:88,0
DA:89,0
DA:90,0
DA:91,0
DA:92,0
DA:93,0
DA:94,0
DA:95,0
DA:98,0
DA:101,21794
DA:103,21794
DA:109,21794
DA:111,21794
DA:112,21794
DA:127,5519
DA:129,5519
BRDA:129,0,0,142
BRDA:129,0,1,5377
DA:130,142
DA:132,5519
DA:134,5519
DA:137,1272
DA:141,1272
DA:143,1272
DA:144,1272
DA:145,1272
DA:147,1272
DA:150,354
DA:156,354
DA:157,354
DA:158,354
DA:159,354
BRDA:159,0,0,0
BRDA:159,0,1,354
DA:160,354
DA:163,354
DA:165,354
DA:166,354
DA:167,354
DA:169,354
DA:170,354
DA:172,0
DA:174,0
BRDA:174,0,0,-
BRDA:174,0,1,-
BRDA:174,0,2,-
BRDA:174,0,3,-
BRDA:174,0,4,-
BRDA:174,0,5,-
DA:177,0
DA:183,0
DA:184,0
DA:185,0
DA:189,0
DA:190,0
BRDA:190,0,0,-
BRDA:190,0,1,-
DA:191,0
BRDA:191,0,0,-
BRDA:191,0,1,-
DA:192,0
DA:194,0
DA:195,0
DA:198,0
BRDA:198,0,0,-
BRDA:198,0,1,-
DA:199,0
BRDA:199,0,0,-
BRDA:199,0,1,-
DA:200,0
BRDA:200,0,0,-
BRDA:200,0,1,-
DA:201,0
DA:202,0
BRDA:202,0,0,-
BRDA:202,0,1,-
DA:203,0
DA:204,0
DA:206,0
DA:209,0
DA:210,0
DA:212,212
DA:216,212
DA:219,212
DA:223,212
BRDA:223,0,0,0
BRDA:223,0,1,212
DA:225,0
DA:229,212
BRDA:229,0,0,212
BRDA:229,0,1,0
DA:242,212
DA:243,212
DA:244,212
DA:245,212
DA:246,212
DA:247,212
DA:248,212
DA:250,212
DA:251,212
DA:252,212
DA:290,212
DA:296,0
DA:299,212
DA:302,424
DA:305,424
BRDA:305,0,0,424
BRDA:305,0,1,0
DA:306,212
BRDA:306,0,0,30
BRDA:306,0,1,182
DA:307,636
BRDA:307,0,0,212
BRDA:307,0,1,212
DA:308,424
DA:310,424
DA:312,212
DA:315,212
DA:316,212
DA:318,212
DA:321,212
DA:322,212
DA:325,212
DA:334,212
DA:336,212
BRDA:336,0,0,212
BRDA:336,0,1,0
DA:337,212
DA:349,212
BRDA:349,0,0,0
BRDA:349,0,1,212
DA:350,0
DA:353,212
BRDA:353,0,0,212
BRDA:353,0,1,0
DA:354,212
BRDA:354,0,0,0
BRDA:354,0,1,212
DA:355,0
DA:356,0
BRDA:356,0,0,-
BRDA:356,0,1,-
DA:361,212
DA:364,212
DA:371,212
BRDA:371,0,0,0
BRDA:371,0,1,212
DA:372,0
DA:375,212
BRDA:375,0,0,0
BRDA:375,0,1,212
DA:376,0
DA:378,212
DA:382,0
DA:386,0
DA:388,0
BRDA:388,0,0,-
BRDA:388,0,1,-
DA:389,0
DA:392,0
BRDA:392,0,0,-
BRDA:392,0,1,-
DA:393,0
BRDA:393,0,0,-
BRDA:393,0,1,-
BRDA:393,0,2,-
BRDA:393,0,3,-
DA:394,0
DA:397,0
BRDA:397,0,0,-
BRDA:397,0,1,-
DA:398,0
DA:400,0
DA:404,0
DA:406,0
BRDA:406,0,0,-
BRDA:406,0,1,-
DA:407,0
BRDA:407,0,0,-
BRDA:407,0,1,-
BRDA:407,0,2,-
BRDA:407,0,3,-
DA:408,0
DA:411,0
BRDA:411,0,0,-
BRDA:411,0,1,-
DA:412,0
DA:414,0
DA:415,0
BRDA:415,0,0,-
BRDA:415,0,1,-
DA:417,0
DA:420,0
DA:422,0
DA:429,0
DA:431,0
DA:433,0
DA:434,0
DA:435,0
BRDA:435,0,0,-
BRDA:435,0,1,-
DA:436,0
DA:438,212
DA:448,212
DA:450,212
DA:451,212
DA:452,212
DA:453,212
DA:455,212
DA:456,212
DA:474,212
BRDA:474,0,0,0
BRDA:474,0,1,212
DA:475,0
DA:478,212
BRDA:478,0,0,212
BRDA:478,0,1,0
DA:479,212
DA:490,212
DA:493,212
BRDA:493,0,0,0
BRDA:493,0,1,212
DA:496,212
DA:499,212
DA:502,212
DA:504,212
DA:505,212
DA:507,354
DA:518,354
DA:522,354
BRDA:522,0,0,212
BRDA:522,0,1,142
DA:523,212
DA:525,212
DA:527,142
DA:532,142
BRDA:532,0,0,0
BRDA:532,0,1,142
DA:535,354
BRDA:535,0,0,354
BRDA:535,0,1,0
DA:536,354
DA:542,354
BRDA:542,0,0,0
BRDA:542,0,1,354
DA:543,0
DA:546,354
BRDA:546,0,0,212
BRDA:546,0,1,142
DA:547,212
DA:550,354
DA:551,354
DA:553,354
DA:556,354
DA:557,354
DA:558,354
DA:565,354
DA:567,354
BRDA:567,0,0,212
BRDA:567,0,1,142
DA:568,212
DA:569,212
DA:572,142
DA:576,354
BRDA:576,0,0,212
BRDA:576,0,1,142
DA:578,354
DA:579,354
DA:581,354
DA:582,354
BRDA:582,0,0,354
BRDA:582,0,1,0
DA:583,354
DA:585,0
DA:592,0
DA:594,0
DA:595,0
DA:597,0
DA:598,0
DA:599,0
DA:600,0
DA:601,0
DA:602,0
DA:604,28
DA:606,28
DA:610,28
BRDA:610,0,0,0
BRDA:610,0,1,28
DA:611,0
DA:612,0
DA:615,28
DA:616,28
DA:618,0
DA:620,0
DA:622,0
end_of_record
SF:/home/asset/zephyrproject/zephyr/include/zephyr/logging/log_msg.h
FN:764,log_msg_get_domain
FNDA:354,log_msg_get_domain
FN:775,log_msg_get_level
FNDA:354,log_msg_get_level
FN:786,log_msg_get_source
FNDA:354,log_msg_get_source
FN:797,log_msg_get_timestamp
FNDA:354,log_msg_get_timestamp
FN:808,log_msg_get_tid
FNDA:354,log_msg_get_tid
FN:826,log_msg_get_data
FNDA:354,log_msg_get_data
FN:841,log_msg_get_package
FNDA:354,log_msg_get_package
DA:764,354
DA:766,354
DA:775,354
DA:777,354
DA:786,354
DA:788,354
DA:797,354
DA:799,354
DA:808,354
DA:814,354
DA:826,354
DA:828,354
DA:830,354
DA:841,354
DA:843,354
DA:845,354
end_of_record
SF:/home/asset/zephyrproject/zephyr/include/zephyr/logging/log_core.h
FN:464,log_const_source_id
FNDA:212,log_const_source_id
DA:464,212
DA:467,212
end_of_record
TN:
SF:/home/asset/zephyrproject/zephyr/subsys/logging/backends/log_backend_native_posix.c
FN:22,preprint_char
FNDA:21794,preprint_char
FN:50,char_out
FNDA:22148,char_out
FN:61,panic
FNDA:0,panic
FN:66,dropped
FNDA:0,dropped
FN:73,process
FNDA:354,process
FN:83,format_set
FNDA:0,format_set
DA:22,21794
DA:24,21794
DA:26,21794
BRDA:26,0,0,354
BRDA:26,0,1,21440
DA:28,354
DA:30,21440
BRDA:30,0,0,21086
BRDA:30,0,1,354
DA:31,21086
DA:32,21086
DA:34,354
DA:37,21440
BRDA:37,0,0,0
BRDA:37,0,1,21440
DA:38,0
DA:41,21440
BRDA:41,0,0,354
BRDA:41,0,1,21086
DA:42,354
DA:43,354
DA:44,354
DA:50,22148
DA:52,43942
BRDA:52,0,0,21794
BRDA:52,0,1,22148
DA:53,21794
DA:56,22148
DA:61,0
DA:63,0
DA:64,0
DA:66,0
DA:70,0
DA:71,0
DA:73,354
DA:76,354
DA:78,354
DA:80,354
DA:81,354
DA:83,0
DA:85,0
DA:86,0
end_of_record
SF:/home/asset/zephyrproject/zephyr/include/zephyr/logging/log_backend_std.h
FN:24,log_backend_std_get_flags
FNDA:354,log_backend_std_get_flags
DA:24,354
DA:26,354
DA:29,354
DA:33,354
DA:40,354
end_of_record
TN:
SF:/home/asset/zephyrproject/zephyr/include/zephyr/kernel.h
FN:487,k_msleep
FNDA:0,k_msleep
FN:584,k_current_get
FNDA:0,k_current_get
FN:1746,k_uptime_get
FNDA:0,k_uptime_get
FN:1770,k_uptime_get_32
FNDA:0,k_uptime_get_32
FN:1805,k_cycle_get_32
FNDA:354,k_cycle_get_32
DA:487,0
DA:489,0
DA:584,0
DA:593,0
DA:1746,0
DA:1748,0
DA:1770,0
DA:1772,0
DA:1805,354
DA:1807,354
end_of_record
SF:/home/asset/zephyrproject/zephyr/include/zephyr/syscall.h
FN:115,k_is_user_context
FNDA:0,k_is_user_context
DA:115,0
DA:120,0
end_of_record
SF:/home/asset/zephyrproject/build/zephyr/include/generated/syscalls/kernel.h
FN:126,k_sleep
FNDA:0,k_sleep
FN:208,k_sched_current_thread_query
FNDA:0,k_sched_current_thread_query
FN:461,k_timer_start
FNDA:0,k_timer_start
FN:599,k_uptime_ticks
FNDA:0,k_uptime_ticks
FN:1093,k_sem_take
FNDA:0,k_sem_take
FN:1110,k_sem_give
FNDA:0,k_sem_give
DA:126,0
DA:134,0
DA:135,0
DA:208,0
DA:215,0
DA:216,0
DA:461,0
DA:472,0
DA:473,0
DA:474,0
DA:599,0
DA:608,0
DA:609,0
DA:1093,0
DA:1102,0
DA:1103,0
DA:1110,0
DA:1119,0
DA:1120,0
DA:1121,0
end_of_record
SF:/home/asset/zephyrproject/zephyr/subsys/logging/log_core.c
FN:86,log_format_func_t_get
FNDA:354,log_format_func_t_get
FN:91,log_format_table_size
FNDA:0,log_format_table_size
FN:147,dummy_timestamp
FNDA:0,dummy_timestamp
FN:152,z_log_timestamp
FNDA:0,z_log_timestamp
FN:157,z_log_msg_post_finalize
FNDA:0,z_log_msg_post_finalize
FN:196,log_format_set_all_active_backends
FNDA:0,log_format_set_all_active_backends
FN:212,z_log_vprintk
FNDA:142,z_log_vprintk
FN:224,default_get_timestamp
FNDA:354,default_get_timestamp
FN:230,default_lf_get_timestamp
FNDA:0,default_lf_get_timestamp
FN:236,log_core_init
FNDA:28,log_core_init
FN:272,activate_foreach_backend
FNDA:0,activate_foreach_backend
FN:292,z_log_init
FNDA:28,z_log_init
FN:345,log_init
FNDA:0,log_init
FN:350,thread_set
FNDA:0,thread_set
FN:365,log_thread_set
FNDA:0,log_thread_set
FN:374,log_set_timestamp_func
FNDA:28,log_set_timestamp_func
FN:393,z_impl_log_panic
FNDA:0,z_impl_log_panic
FN:435,msg_filter_check
FNDA:354,msg_filter_check
FN:470,msg_process
FNDA:354,msg_process
FN:480,dropped_notify
FNDA:0,dropped_notify
FN:491,unordered_notify
FNDA:0,unordered_notify
FN:498,z_log_notify_backend_enabled
FNDA:28,z_log_notify_backend_enabled
FN:515,z_impl_log_process
FNDA:0,z_impl_log_process
FN:573,z_impl_log_buffered_cnt
FNDA:0,z_impl_log_buffered_cnt
FN:586,z_log_dropped
FNDA:0,z_log_dropped
FN:594,z_log_dropped_read_and_clear
FNDA:0,z_log_dropped_read_and_clear
FN:599,z_log_dropped_pending
FNDA:0,z_log_dropped_pending
FN:604,z_log_msg_init
FNDA:0,z_log_msg_init
FN:612,msg_alloc
FNDA:0,msg_alloc
FN:625,z_log_msg_alloc
FNDA:0,z_log_msg_alloc
FN:630,msg_commit
FNDA:354,msg_commit
FN:646,z_log_msg_commit
FNDA:354,z_log_msg_commit
FN:652,z_log_msg_local_claim
FNDA:0,z_log_msg_local_claim
FN:663,z_log_msg_claim_oldest
FNDA:0,z_log_msg_claim_oldest
FN:729,z_log_msg_claim
FNDA:0,z_log_msg_claim
FN:743,msg_free
FNDA:0,msg_free
FN:750,z_log_msg_free
FNDA:0,z_log_msg_free
FN:755,msg_pending
FNDA:0,msg_pending
FN:764,z_log_msg_pending
FNDA:0,z_log_msg_pending
FN:794,z_log_msg_enqueue
FNDA:0,z_log_msg_enqueue
FN:813,z_log_get_tag
FNDA:212,z_log_get_tag
FN:818,log_set_tag
FNDA:0,log_set_tag
FN:842,log_mem_get_usage
FNDA:0,log_mem_get_usage
FN:856,log_mem_get_max_usage
FNDA:0,log_mem_get_max_usage
FN:867,log_backend_notify_all
FNDA:0,log_backend_notify_all
FN:875,log_process_thread_timer_expiry_fn
FNDA:0,log_process_thread_timer_expiry_fn
FN:880,log_process_thread_func
FNDA:0,log_process_thread_func
FN:930,enable_logger
FNDA:28,enable_logger
DA:86,354
DA:88,354
DA:91,0
DA:93,0
DA:147,0
DA:149,0
DA:152,0
DA:154,0
DA:157,0
DA:159,0
DA:161,0
BRDA:161,0,0,-
BRDA:161,0,1,-
DA:163,0
DA:164,0
DA:166,0
DA:167,0
BRDA:167,0,0,-
BRDA:167,0,1,-
DA:178,0
BRDA:178,0,0,-
BRDA:178,0,1,-
DA:179,0
DA:180,0
DA:181,0
DA:194,0
DA:196,0
DA:198,0
DA:200,0
BRDA:200,0,0,-
BRDA:200,0,1,-
DA:201,0
BRDA:201,0,0,-
BRDA:201,0,1,-
DA:202,0
DA:204,0
BRDA:204,0,0,-
BRDA:204,0,1,-
DA:205,0
DA:209,0
DA:212,142
DA:218,142
DA:224,354
DA:227,354
DA:230,0
DA:233,0
DA:236,28
DA:238,28
DA:239,28
DA:240,28
DA:258,28
DA:260,28
DA:272,0
DA:274,0
DA:276,0
BRDA:276,0,0,-
BRDA:276,0,1,-
DA:277,0
DA:278,0
DA:280,0
DA:281,0
BRDA:281,0,0,-
BRDA:281,0,1,-
BRDA:281,0,2,-
BRDA:281,0,3,-
DA:282,0
DA:283,0
DA:284,0
DA:289,0
DA:292,28
DA:294,28
DA:302,28
BRDA:302,0,0,0
BRDA:302,0,1,28
DA:303,0
DA:306,28
DA:313,56
BRDA:313,0,0,28
BRDA:313,0,1,28
DA:314,28
BRDA:314,0,0,28
BRDA:314,0,1,0
DA:315,28
DA:320,28
BRDA:320,0,0,28
BRDA:320,0,1,0
DA:321,28
DA:322,28
DA:325,0
DA:328,28
DA:333,28
BRDA:333,0,0,0
BRDA:333,0,1,28
DA:334,0
BRDA:334,0,0,-
BRDA:334,0,1,-
DA:335,0
DA:336,0
BRDA:336,0,0,-
BRDA:336,0,1,-
DA:337,0
DA:342,28
DA:345,0
DA:347,0
DA:348,0
DA:350,0
DA:352,0
DA:355,0
DA:365,0
DA:370,0
DA:372,0
DA:374,28
DA:376,28
BRDA:376,0,0,0
BRDA:376,0,1,28
DA:377,0
DA:380,28
DA:381,28
DA:387,28
DA:390,28
DA:393,0
DA:395,0
BRDA:395,0,0,-
BRDA:395,0,1,-
DA:396,0
DA:402,0
DA:411,0
BRDA:411,0,0,-
BRDA:411,0,1,-
DA:412,0
BRDA:412,0,0,-
BRDA:412,0,1,-
DA:413,0
DA:423,0
DA:424,0
DA:435,354
DA:438,354
BRDA:438,0,0,0
BRDA:438,0,1,354
DA:439,0
DA:443,354
DA:470,354
DA:472,708
BRDA:472,0,0,354
BRDA:472,0,1,354
DA:473,708
BRDA:473,0,0,354
BRDA:473,0,1,0
BRDA:473,0,2,354
BRDA:473,0,3,0
DA:474,354
DA:475,354
DA:478,354
DA:480,0
DA:482,0
DA:484,0
BRDA:484,0,0,-
BRDA:484,0,1,-
DA:485,0
BRDA:485,0,0,-
BRDA:485,0,1,-
DA:486,0
DA:489,0
DA:491,0
DA:493,0
DA:495,0
BRDA:495,0,0,-
BRDA:495,0,1,-
BRDA:495,0,2,-
BRDA:495,0,3,-
DA:496,0
DA:498,28
DA:507,28
DA:508,28
DA:515,0
DA:518,0
DA:573,0
DA:575,0
DA:586,0
DA:588,0
DA:589,0
BRDA:589,0,0,-
BRDA:589,0,1,-
DA:590,0
DA:592,0
DA:594,0
DA:596,0
DA:599,0
DA:601,0
DA:604,0
DA:610,0
DA:612,0
DA:615,0
DA:625,0
DA:627,0
DA:630,354
DA:632,354
DA:635,354
DA:637,354
DA:646,354
DA:648,354
DA:649,354
DA:650,354
DA:652,0
DA:657,0
DA:663,0
DA:665,0
DA:667,0
DA:669,0
DA:672,0
BRDA:672,0,0,-
BRDA:672,0,1,-
DA:675,0
DA:683,0
BRDA:683,0,0,-
BRDA:683,0,1,-
DA:684,0
DA:686,0
BRDA:686,0,0,-
BRDA:686,0,1,-
DA:687,0
DA:688,0
DA:689,0
DA:690,0
DA:693,0
DA:696,0
BRDA:696,0,0,-
BRDA:696,0,1,-
DA:717,0
DA:720,0
BRDA:720,0,0,-
BRDA:720,0,1,-
DA:721,0
DA:724,0
DA:726,0
DA:729,0
DA:733,0
DA:740,0
DA:743,0
DA:748,0
DA:750,0
DA:752,0
DA:753,0
DA:755,0
DA:760,0
DA:764,0
DA:767,0
DA:769,0
DA:772,0
DA:794,0
DA:796,0
DA:797,0
DA:798,0
BRDA:798,0,0,-
BRDA:798,0,1,-
DA:799,0
DA:801,0
BRDA:801,0,0,-
BRDA:801,0,1,-
DA:802,0
DA:803,0
DA:806,0
DA:807,0
DA:808,0
DA:809,0
DA:810,0
DA:813,212
DA:815,212
DA:818,0
DA:838,0
DA:842,0
DA:848,0
DA:856,0
DA:861,0
DA:867,0
DA:870,0
BRDA:870,0,0,-
BRDA:870,0,1,-
DA:871,0
DA:873,0
DA:875,0
DA:877,0
DA:878,0
DA:880,0
DA:883,0
DA:884,0
DA:885,0
DA:890,0
BRDA:890,0,0,-
BRDA:890,0,1,-
DA:891,0
DA:892,0
DA:898,0
BRDA:898,0,0,-
BRDA:898,0,1,-
DA:899,0
DA:900,0
BRDA:900,0,0,-
BRDA:900,0,1,-
DA:904,0
DA:915,0
BRDA:915,0,0,-
BRDA:915,0,1,-
DA:916,0
BRDA:916,0,0,-
BRDA:916,0,1,-
DA:917,0
DA:918,0
DA:920,0
DA:922,0
DA:930,28
DA:945,28
DA:948,28
end_of_record
SF:/home/asset/zephyrproject/zephyr/include/zephyr/logging/log_msg.h
FN:709,z_log_msg_runtime_create
FNDA:0,z_log_msg_runtime_create
FN:723,z_log_item_is_msg
FNDA:354,z_log_item_is_msg
FN:797,log_msg_get_timestamp
FNDA:0,log_msg_get_timestamp
DA:709,0
DA:717,0
DA:718,0
DA:720,0
DA:721,0
DA:723,354
DA:725,354
DA:797,0
DA:799,0
end_of_record
SF:/home/asset/zephyrproject/zephyr/include/zephyr/logging/log_backend.h
FN:137,log_backend_init
FNDA:28,log_backend_init
FN:156,log_backend_is_ready
FNDA:28,log_backend_is_ready
FN:175,log_backend_msg_process
FNDA:354,log_backend_msg_process
FN:191,log_backend_dropped
FNDA:0,log_backend_dropped
FN:206,log_backend_panic
FNDA:0,log_backend_panic
FN:248,log_backend_get
FNDA:0,log_backend_get
FN:304,log_backend_is_active
FNDA:354,log_backend_is_active
FN:320,log_backend_format_set
FNDA:0,log_backend_format_set
FN:350,log_backend_notify
FNDA:0,log_backend_notify
DA:137,28
DA:140,28
BRDA:140,0,0,0
BRDA:140,0,1,28
DA:141,0
DA:143,28
DA:156,28
DA:159,28
BRDA:159,0,0,0
BRDA:159,0,1,28
DA:160,0
DA:163,28
DA:175,354
DA:180,354
DA:181,354
DA:191,0
DA:196,0
BRDA:196,0,0,-
BRDA:196,0,1,-
DA:197,0
DA:199,0
DA:206,0
DA:209,0
DA:210,0
DA:248,0
DA:252,0
DA:254,0
DA:304,354
DA:308,354
DA:320,0
DA:324,0
BRDA:324,0,0,-
BRDA:324,0,1,-
DA:325,0
DA:328,0
BRDA:328,0,0,-
BRDA:328,0,1,-
DA:329,0
DA:332,0
BRDA:332,0,0,-
BRDA:332,0,1,-
DA:333,0
DA:336,0
BRDA:336,0,0,-
BRDA:336,0,1,-
DA:337,0
DA:340,0
DA:350,0
DA:356,0
BRDA:356,0,0,-
BRDA:356,0,1,-
DA:357,0
DA:359,0
end_of_record
SF:/home/asset/zephyrproject/zephyr/include/zephyr/arch/posix/arch.h
FN:49,arch_k_cycle_get_32
FNDA:354,arch_k_cycle_get_32
FN:71,arch_irq_lock
FNDA:0,arch_irq_lock
FN:77,arch_irq_unlock
FNDA:0,arch_irq_unlock
DA:49,354
DA:51,354
DA:71,0
DA:73,0
DA:77,0
DA:79,0
DA:80,0
end_of_record
SF:/home/asset/zephyrproject/zephyr/include/zephyr/spinlock.h
FN:132,z_spinlock_validate_pre
FNDA:0,z_spinlock_validate_pre
FN:143,z_spinlock_validate_post
FNDA:0,z_spinlock_validate_post
FN:182,k_spin_lock
FNDA:0,k_spin_lock
FN:300,k_spin_unlock
FNDA:0,k_spin_unlock
DA:132,0
DA:141,0
DA:143,0
DA:152,0
DA:182,0
DA:191,0
DA:193,0
DA:211,0
DA:213,0
DA:300,0
DA:331,0
DA:332,0
end_of_record
SF:/home/asset/zephyrproject/build/zephyr/include/generated/syscalls/log_ctrl.h
FN:49,log_process
FNDA:0,log_process
DA:49,0
DA:56,0
DA:57,0
end_of_record
SF:/home/asset/zephyrproject/zephyr/include/zephyr/sys/atomic_builtin.h
FN:38,atomic_add
FNDA:28,atomic_add
FN:43,atomic_sub
FNDA:0,atomic_sub
FN:48,atomic_inc
FNDA:28,atomic_inc
FN:53,atomic_dec
FNDA:0,atomic_dec
FN:68,atomic_set
FNDA:0,atomic_set
DA:38,28
DA:40,28
DA:43,0
DA:45,0
DA:48,28
DA:50,28
DA:53,0
DA:55,0
DA:68,0
DA:74,0
end_of_record
TN:
SF:/home/asset/zephyrproject/zephyr/include/zephyr/sys/slist.h
FN:199,sys_slist_init
FNDA:0,sys_slist_init
FN:211,z_snode_next_peek
FNDA:0,z_snode_next_peek
FN:216,z_snode_next_set
FNDA:0,z_snode_next_set
FN:221,z_slist_head_set
FNDA:0,z_slist_head_set
FN:226,z_slist_tail_set
FNDA:0,z_slist_tail_set
FN:238,sys_slist_peek_head
FNDA:0,sys_slist_peek_head
FN:250,sys_slist_peek_tail
FNDA:0,sys_slist_peek_tail
FN:268,sys_slist_is_empty
FNDA:0,sys_slist_is_empty
FN:281,sys_slist_peek_next_no_check
FNDA:0,sys_slist_peek_next_no_check
FN:292,sys_slist_peek_next
FNDA:0,sys_slist_peek_next
FN:305,sys_slist_prepend
FNDA:0,sys_slist_prepend
FN:318,sys_slist_append
FNDA:0,sys_slist_append
FN:379,sys_slist_get_not_empty
FNDA:0,sys_slist_get_not_empty
FN:392,sys_slist_get
FNDA:0,sys_slist_get
FN:408,sys_slist_remove
FNDA:0,sys_slist_remove
DA:199,0
DA:201,0
DA:202,0
DA:203,0
DA:211,0
DA:213,0
DA:216,0
DA:218,0
DA:219,0
DA:221,0
DA:223,0
DA:224,0
DA:226,0
DA:228,0
DA:229,0
DA:238,0
DA:240,0
DA:250,0
DA:252,0
DA:268,0
DA:281,0
DA:292,0
BRDA:292,0,0,-
BRDA:292,0,1,-
DA:305,0
BRDA:305,0,0,-
BRDA:305,0,1,-
DA:318,0
BRDA:318,0,0,-
BRDA:318,0,1,-
DA:379,0
BRDA:379,0,0,-
BRDA:379,0,1,-
DA:392,0
BRDA:392,0,0,-
BRDA:392,0,1,-
DA:408,0
BRDA:408,0,0,-
BRDA:408,0,1,-
BRDA:408,0,2,-
BRDA:408,0,3,-
BRDA:408,0,4,-
BRDA:408,0,5,-
end_of_record
SF:/home/asset/zephyrproject/zephyr/subsys/logging/log_cache.c
FN:22,log_cache_init
FNDA:0,log_cache_init
FN:46,log_cache_get
FNDA:0,log_cache_get
FN:90,log_cache_put
FNDA:0,log_cache_put
FN:98,log_cache_release
FNDA:0,log_cache_release
DA:22,0
DA:24,0
DA:25,0
DA:27,0
DA:29,0
DA:30,0
DA:33,0
BRDA:33,0,0,-
BRDA:33,0,1,-
DA:34,0
DA:35,0
DA:38,0
DA:39,0
DA:40,0
DA:41,0
DA:43,0
DA:46,0
DA:48,0
DA:50,0
DA:53,0
BRDA:53,0,0,-
BRDA:53,0,1,-
BRDA:53,0,2,-
BRDA:53,0,3,-
BRDA:53,0,4,-
BRDA:53,0,5,-
DA:55,0
BRDA:55,0,0,-
BRDA:55,0,1,-
DA:56,0
DA:57,0
DA:58,0
DA:61,0
BRDA:61,0,0,-
BRDA:61,0,1,-
DA:62,0
DA:64,0
BRDA:64,0,0,-
BRDA:64,0,1,-
DA:67,0
BRDA:67,0,0,-
BRDA:67,0,1,-
DA:69,0
DA:70,0
DA:72,0
DA:74,0
DA:76,0
BRDA:76,0,0,-
BRDA:76,0,1,-
DA:77,0
DA:80,0
DA:84,0
DA:85,0
DA:87,0
DA:90,0
DA:92,0
DA:95,0
DA:96,0
DA:98,0
DA:100,0
DA:103,0
DA:104,0
end_of_record
TN:
SF:/home/asset/zephyrproject/zephyr/include/zephyr/logging/log_msg.h
FN:709,z_log_msg_runtime_create
FNDA:0,z_log_msg_runtime_create
FN:734,log_msg_get_total_wlen
FNDA:0,log_msg_get_total_wlen
DA:709,0
DA:717,0
DA:718,0
DA:720,0
DA:721,0
DA:734,0
DA:736,0
end_of_record
SF:/home/asset/zephyrproject/zephyr/subsys/logging/log_msg.c
FN:31,z_log_msg_finalize
FNDA:354,z_log_msg_finalize
FN:54,frontend_runtime_filtering
FNDA:0,frontend_runtime_filtering
FN:91,z_log_msg_simple_create
FNDA:0,z_log_msg_simple_create
FN:123,z_impl_z_log_msg_simple_create_0
FNDA:0,z_impl_z_log_msg_simple_create_0
FN:162,z_impl_z_log_msg_simple_create_1
FNDA:0,z_impl_z_log_msg_simple_create_1
FN:202,z_impl_z_log_msg_simple_create_2
FNDA:0,z_impl_z_log_msg_simple_create_2
FN:243,z_impl_z_log_msg_static_create
FNDA:0,z_impl_z_log_msg_static_create
FN:307,z_log_msg_runtime_vcreate
FNDA:354,z_log_msg_runtime_vcreate
DA:31,354
DA:34,354
BRDA:34,0,0,0
BRDA:34,0,1,354
DA:35,0
DA:37,0
DA:40,354
BRDA:40,0,0,0
BRDA:40,0,1,354
DA:41,0
DA:43,0
DA:46,354
DA:47,354
DA:51,354
DA:54,0
DA:57,0
DA:91,0
DA:94,0
DA:96,0
DA:97,0
DA:98,0
DA:104,0
BRDA:104,0,0,-
BRDA:104,0,1,-
DA:105,0
DA:107,0
DA:108,0
BRDA:108,0,0,-
BRDA:108,0,1,-
DA:109,0
DA:113,0
DA:119,0
DA:121,0
DA:123,0
DA:157,0
DA:159,0
DA:162,0
DA:197,0
DA:199,0
DA:202,0
DA:238,0
DA:240,0
DA:243,0
DA:252,0
DA:255,0
DA:256,0
DA:259,0
BRDA:259,0,0,-
BRDA:259,0,1,-
DA:260,0
DA:266,0
DA:270,0
BRDA:270,0,0,-
BRDA:270,0,1,-
DA:271,0
DA:274,0
BRDA:274,0,0,-
BRDA:274,0,1,-
BRDA:274,0,2,-
BRDA:274,0,3,-
DA:276,0
DA:281,0
DA:282,0
DA:283,0
BRDA:283,0,0,-
BRDA:283,0,1,-
DA:284,0
DA:285,0
DA:290,0
DA:293,0
DA:307,354
DA:313,354
BRDA:313,0,0,354
BRDA:313,0,1,0
DA:316,354
DA:317,354
DA:320,354
DA:322,0
DA:325,354
DA:328,354
DA:339,354
DA:340,354
DA:343,354
BRDA:343,0,0,354
BRDA:343,0,1,0
BRDA:343,0,2,354
BRDA:343,0,3,0
DA:344,354
DA:353,354
DA:355,354
end_of_record
SF:/home/asset/zephyrproject/zephyr/include/zephyr/syscall.h
FN:115,k_is_user_context
FNDA:0,k_is_user_context
DA:115,0
DA:120,0
end_of_record
SF:/home/asset/zephyrproject/zephyr/include/zephyr/sys/cbprintf.h
FN:528,z_cbprintf_cpy
FNDA:0,z_cbprintf_cpy
FN:572,cbprintf_package_copy
FNDA:0,cbprintf_package_copy
DA:528,0
DA:530,0
DA:532,0
BRDA:532,0,0,-
BRDA:532,0,1,-
DA:533,0
DA:536,0
DA:537,0
DA:539,0
DA:572,0
DA:580,0
DA:586,0
BRDA:586,0,0,-
BRDA:586,0,1,-
end_of_record
TN:
SF:/home/asset/zephyrproject/zephyr/include/zephyr/logging/log_core.h
FN:464,log_const_source_id
FNDA:212,log_const_source_id
DA:464,212
DA:467,212
end_of_record
SF:/home/asset/zephyrproject/zephyr/include/zephyr/logging/log_backend.h
FN:220,log_backend_id_set
FNDA:28,log_backend_id_set
FN:235,log_backend_id_get
FNDA:0,log_backend_id_get
FN:248,log_backend_get
FNDA:28,log_backend_get
FN:277,log_backend_activate
FNDA:28,log_backend_activate
FN:290,log_backend_deactivate
FNDA:0,log_backend_deactivate
FN:304,log_backend_is_active
FNDA:0,log_backend_is_active
DA:220,28
DA:224,28
DA:225,28
DA:235,0
DA:238,0
DA:248,28
DA:252,28
DA:254,28
DA:277,28
DA:281,28
DA:282,28
DA:283,28
DA:290,0
DA:294,0
DA:295,0
DA:304,0
DA:308,0
end_of_record
SF:/home/asset/zephyrproject/zephyr/subsys/logging/log_mgmt.c
FN:58,domain_id_cmp
FNDA:0,domain_id_cmp
FN:63,source_id_cmp
FNDA:0,source_id_cmp
FN:84,get_link_domain
FNDA:0,get_link_domain
FN:109,get_source_offset
FNDA:0,get_source_offset
FN:121,z_log_link_get_dynamic_filter
FNDA:0,z_log_link_get_dynamic_filter
FN:154,cache_init
FNDA:0,cache_init
FN:177,z_log_ext_domain_count
FNDA:0,z_log_ext_domain_count
FN:188,link_source_count
FNDA:0,link_source_count
FN:198,log_src_cnt_get
FNDA:212,log_src_cnt_get
FN:212,link_source_name_get
FNDA:0,link_source_name_get
FN:243,log_source_name_get
FNDA:212,log_source_name_get
FN:261,link_domain_name_get
FNDA:0,link_domain_name_get
FN:288,log_domain_name_get
FNDA:0,log_domain_name_get
FN:297,link_compiled_level_get
FNDA:0,link_compiled_level_get
FN:309,log_compiled_level_get
FNDA:0,log_compiled_level_get
FN:322,z_log_link_set_runtime_level
FNDA:0,z_log_link_set_runtime_level
FN:332,get_dynamic_filter
FNDA:0,get_dynamic_filter
FN:341,z_log_runtime_filters_init
FNDA:0,z_log_runtime_filters_init
FN:363,log_source_id_get
FNDA:0,log_source_id_get
FN:375,max_filter_get
FNDA:0,max_filter_get
FN:392,set_runtime_filter
FNDA:0,set_runtime_filter
FN:415,filter_get
FNDA:0,filter_get
FN:431,filter_set
FNDA:0,filter_set
FN:468,z_impl_log_filter_set
FNDA:0,z_impl_log_filter_set
FN:477,z_impl_log_frontend_filter_set
FNDA:0,z_impl_log_frontend_filter_set
FN:503,link_filter_set
FNDA:0,link_filter_set
FN:519,backend_filter_set
FNDA:28,backend_filter_set
FN:540,log_backend_get_by_name
FNDA:0,log_backend_get_by_name
FN:551,log_backend_enable
FNDA:28,log_backend_enable
FN:568,log_backend_disable
FNDA:0,log_backend_disable
FN:577,log_filter_get
FNDA:0,log_filter_get
FN:585,log_frontend_filter_get
FNDA:0,log_frontend_filter_get
FN:594,z_log_links_initiate
FNDA:0,z_log_links_initiate
DA:58,0
DA:60,0
DA:63,0
DA:65,0
DA:66,0
DA:68,0
BRDA:68,0,0,-
BRDA:68,0,1,-
DA:69,0
BRDA:69,0,0,-
BRDA:69,0,1,-
DA:84,0
DA:88,0
BRDA:88,0,0,-
BRDA:88,0,1,-
DA:89,0
DA:90,0
DA:91,0
BRDA:91,0,0,-
BRDA:91,0,1,-
DA:93,0
DA:94,0
DA:98,0
DA:100,0
DA:109,0
DA:112,0
DA:114,0
BRDA:114,0,0,-
BRDA:114,0,1,-
DA:115,0
DA:118,0
DA:121,0
DA:124,0
DA:125,0
DA:129,0
DA:131,0
DA:154,0
DA:170,0
DA:173,0
DA:175,0
DA:177,0
DA:179,0
DA:181,0
BRDA:181,0,0,-
BRDA:181,0,1,-
DA:182,0
DA:185,0
DA:188,0
DA:191,0
DA:195,0
DA:198,212
DA:200,212
BRDA:200,0,0,212
BRDA:200,0,1,0
DA:201,212
DA:204,0
DA:212,0
DA:215,0
DA:216,0
DA:224,0
BRDA:224,0,0,-
BRDA:224,0,1,-
DA:226,0
DA:231,0
DA:233,0
BRDA:233,0,0,-
BRDA:233,0,1,-
DA:234,0
DA:237,0
DA:240,0
DA:243,212
DA:245,212
BRDA:245,0,0,212
BRDA:245,0,1,0
DA:246,212
BRDA:246,0,0,212
BRDA:246,0,1,0
DA:247,212
DA:249,0
DA:253,0
DA:261,0
DA:264,0
DA:265,0
DA:269,0
BRDA:269,0,0,-
BRDA:269,0,1,-
DA:271,0
DA:276,0
DA:277,0
BRDA:277,0,0,-
BRDA:277,0,1,-
DA:278,0
DA:279,0
DA:282,0
DA:285,0
DA:288,0
DA:290,0
BRDA:290,0,0,-
BRDA:290,0,1,-
DA:291,0
DA:294,0
DA:297,0
DA:300,0
DA:305,0
DA:306,0
BRDA:306,0,0,-
BRDA:306,0,1,-
DA:309,0
DA:311,0
BRDA:311,0,0,-
BRDA:311,0,1,-
DA:312,0
BRDA:312,0,0,-
BRDA:312,0,1,-
DA:313,0
DA:315,0
DA:319,0
DA:322,0
DA:325,0
DA:329,0
DA:332,0
DA:334,0
BRDA:334,0,0,-
BRDA:334,0,1,-
DA:335,0
DA:338,0
DA:341,0
DA:352,0
BRDA:352,0,0,-
BRDA:352,0,1,-
DA:353,0
DA:354,0
DA:356,0
DA:357,0
DA:361,0
DA:363,0
DA:365,0
BRDA:365,0,0,-
BRDA:365,0,1,-
DA:366,0
DA:368,0
BRDA:368,0,0,-
BRDA:368,0,1,-
BRDA:368,0,2,-
BRDA:368,0,3,-
DA:369,0
DA:372,0
DA:375,0
DA:377,0
DA:378,0
DA:381,0
BRDA:381,0,0,-
BRDA:381,0,1,-
DA:382,0
DA:384,0
BRDA:384,0,0,-
BRDA:384,0,1,-
DA:385,0
DA:389,0
DA:392,0
DA:397,0
DA:399,0
DA:401,0
DA:406,0
DA:408,0
DA:410,0
BRDA:410,0,0,-
BRDA:410,0,1,-
BRDA:410,0,2,-
BRDA:410,0,3,-
DA:411,0
DA:413,0
DA:415,0
DA:427,0
DA:431,0
DA:434,0
DA:468,0
DA:472,0
BRDA:472,0,0,-
BRDA:472,0,1,-
DA:474,0
DA:477,0
DA:479,0
DA:503,0
DA:507,0
BRDA:507,0,0,-
BRDA:507,0,1,-
DA:508,0
DA:511,0
DA:512,0
BRDA:512,0,0,-
BRDA:512,0,1,-
DA:513,0
BRDA:513,0,0,-
BRDA:513,0,1,-
DA:514,0
DA:519,28
DA:523,28
DA:540,0
DA:542,0
BRDA:542,0,0,-
BRDA:542,0,1,-
DA:543,0
BRDA:543,0,0,-
BRDA:543,0,1,-
DA:544,0
DA:548,0
DA:551,28
DA:556,28
DA:558,28
DA:560,28
DA:561,28
DA:562,28
DA:563,28
DA:565,28
DA:566,28
DA:568,0
DA:570,0
BRDA:570,0,0,-
BRDA:570,0,1,-
DA:571,0
DA:574,0
DA:575,0
DA:577,0
DA:580,0
BRDA:580,0,0,-
BRDA:580,0,1,-
DA:582,0
DA:585,0
DA:588,0
DA:594,0
DA:598,0
DA:600,0
BRDA:600,0,0,-
BRDA:600,0,1,-
DA:607,0
DA:610,0
end_of_record
SF:/home/asset/zephyrproject/build/zephyr/include/generated/syscalls/log_ctrl.h
FN:93,log_filter_set
FNDA:0,log_filter_set
DA:93,0
DA:104,0
DA:105,0
end_of_record
SF:/home/asset/zephyrproject/zephyr/include/zephyr/logging/log_link.h
FN:123,log_link_initiate
FNDA:0,log_link_initiate
FN:156,log_link_is_active
FNDA:0,log_link_is_active
FN:167,log_link_domains_count
FNDA:0,log_link_domains_count
FN:181,log_link_sources_count
FNDA:0,log_link_sources_count
FN:201,log_link_get_domain_name
FNDA:0,log_link_get_domain_name
FN:222,log_link_get_source_name
FNDA:0,log_link_get_source_name
FN:243,log_link_get_levels
FNDA:0,log_link_get_levels
FN:262,log_link_set_runtime_level
FNDA:0,log_link_set_runtime_level
DA:123,0
DA:128,0
DA:156,0
DA:158,0
BRDA:158,0,0,-
BRDA:158,0,1,-
DA:167,0
DA:171,0
DA:181,0
DA:186,0
DA:201,0
DA:207,0
DA:222,0
DA:229,0
DA:243,0
DA:249,0
DA:262,0
DA:269,0
end_of_record
SF:/home/asset/zephyrproject/zephyr/include/zephyr/logging/log_internal.h
FN:87,z_log_dynamic_filters_get
FNDA:0,z_log_dynamic_filters_get
[...]
FN:92,k_object_init
FNDA:84,k_object_init
DA:92,84
DA:95,84
end_of_record
SF:/home/asset/zephyrproject/zephyr/include/zephyr/arch/posix/arch.h
FN:71,arch_irq_lock
FNDA:42,arch_irq_lock
FN:77,arch_irq_unlock
FNDA:42,arch_irq_unlock
DA:71,42
DA:73,42
DA:77,42
DA:79,42
DA:80,42
end_of_record
SF:/home/asset/zephyrproject/zephyr/arch/posix/include/kernel_arch_func.h
FN:27,arch_thread_return_value_set
FNDA:0,arch_thread_return_value_set
DA:27,0
DA:29,0
DA:30,0
end_of_record
SF:/home/asset/zephyrproject/zephyr/include/zephyr/sys/dlist.h
FN:203,sys_dlist_init
FNDA:0,sys_dlist_init
DA:203,0
DA:205,0
DA:206,0
DA:207,0
end_of_record
SF:/home/asset/zephyrproject/zephyr/kernel/include/wait_q.h
FN:47,z_waitq_init
FNDA:0,z_waitq_init
DA:47,0
DA:49,0
DA:50,0
end_of_record
SF:/home/asset/zephyrproject/zephyr/kernel/include/kernel_internal.h
FN:140,z_thread_return_value_set_with_data
FNDA:0,z_thread_return_value_set_with_data
DA:140,0
DA:144,0
DA:145,0
DA:146,0
end_of_record
SF:/home/asset/zephyrproject/zephyr/include/zephyr/spinlock.h
FN:132,z_spinlock_validate_pre
FNDA:42,z_spinlock_validate_pre
FN:143,z_spinlock_validate_post
FNDA:42,z_spinlock_validate_post
FN:182,k_spin_lock
FNDA:42,k_spin_lock
FN:300,k_spin_unlock
FNDA:42,k_spin_unlock
DA:132,42
DA:141,42
DA:143,42
DA:152,42
DA:182,42
DA:191,42
DA:193,42
DA:211,42
DA:213,42
DA:300,42
DA:331,42
DA:332,42
end_of_record
TN:
SF:/home/asset/zephyrproject/build/zephyr/include/generated/syscalls/kernel.h
FN:59,k_thread_create
FNDA:84,k_thread_create
FN:175,k_yield
FNDA:1317,k_yield
FN:240,k_thread_start
FNDA:84,k_thread_start
FN:426,k_thread_name_set
FNDA:56,k_thread_name_set
FN:1075,k_sem_init
FNDA:0,k_sem_init
FN:1093,k_sem_take
FNDA:0,k_sem_take
FN:1110,k_sem_give
FNDA:0,k_sem_give
DA:59,84
DA:84,84
DA:85,84
DA:175,1317
DA:183,1317
DA:184,1317
DA:185,1317
DA:240,84
DA:249,84
DA:250,84
DA:251,84
DA:426,56
DA:435,56
DA:436,56
DA:1075,0
DA:1085,0
DA:1086,0
DA:1093,0
DA:1102,0
DA:1103,0
DA:1110,0
DA:1119,0
DA:1120,0
DA:1121,0
end_of_record
SF:/home/asset/zephyrproject/zephyr/kernel/include/timeout_q.h
FN:25,z_init_timeout
FNDA:126,z_init_timeout
DA:25,126
DA:27,126
DA:28,126
end_of_record
SF:/home/asset/zephyrproject/zephyr/include/zephyr/sys/slist.h
FN:199,sys_slist_init
FNDA:84,sys_slist_init
FN:211,z_snode_next_peek
FNDA:1317,z_snode_next_peek
FN:216,z_snode_next_set
FNDA:1317,z_snode_next_set
FN:221,z_slist_head_set
FNDA:2634,z_slist_head_set
FN:226,z_slist_tail_set
FNDA:2634,z_slist_tail_set
FN:238,sys_slist_peek_head
FNDA:5284,sys_slist_peek_head
FN:250,sys_slist_peek_tail
FNDA:2634,sys_slist_peek_tail
FN:268,sys_slist_is_empty
FNDA:2650,sys_slist_is_empty
FN:281,sys_slist_peek_next_no_check
FNDA:0,sys_slist_peek_next_no_check
FN:292,sys_slist_peek_next
FNDA:0,sys_slist_peek_next
FN:305,sys_slist_prepend
FNDA:0,sys_slist_prepend
FN:318,sys_slist_append
FNDA:1317,sys_slist_append
FN:365,sys_slist_insert
FNDA:0,sys_slist_insert
FN:379,sys_slist_get_not_empty
FNDA:1317,sys_slist_get_not_empty
FN:392,sys_slist_get
FNDA:2650,sys_slist_get
FN:408,sys_slist_remove
FNDA:0,sys_slist_remove
FN:435,sys_slist_find_and_remove
FNDA:0,sys_slist_find_and_remove
DA:199,84
DA:201,84
DA:202,84
DA:203,84
DA:211,1317
DA:213,1317
DA:216,1317
DA:218,1317
DA:219,1317
DA:221,2634
DA:223,2634
DA:224,2634
DA:226,2634
DA:228,2634
DA:229,2634
DA:238,5284
DA:240,5284
DA:250,2634
DA:252,2634
DA:268,2650
DA:281,0
DA:292,0
BRDA:292,0,0,-
BRDA:292,0,1,-
DA:305,0
BRDA:305,0,0,-
BRDA:305,0,1,-
DA:318,1317
BRDA:318,0,0,1317
BRDA:318,0,1,0
DA:365,0
BRDA:365,0,0,-
BRDA:365,0,1,-
BRDA:365,0,2,-
BRDA:365,0,3,-
DA:379,1317
BRDA:379,0,0,1317
BRDA:379,0,1,0
DA:392,2650
BRDA:392,0,0,1317
BRDA:392,0,1,1333
DA:408,0
BRDA:408,0,0,-
BRDA:408,0,1,-
BRDA:408,0,2,-
BRDA:408,0,3,-
BRDA:408,0,4,-
BRDA:408,0,5,-
DA:435,0
BRDA:435,0,0,-
BRDA:435,0,1,-
BRDA:435,0,2,-
BRDA:435,0,3,-
end_of_record
SF:/home/asset/zephyrproject/zephyr/include/zephyr/arch/posix/arch.h
FN:71,arch_irq_lock
FNDA:6751,arch_irq_lock
FN:77,arch_irq_unlock
FNDA:4135,arch_irq_unlock
DA:71,6751
DA:73,6751
DA:77,4135
DA:79,4135
DA:80,4135
end_of_record
SF:/home/asset/zephyrproject/zephyr/kernel/include/ksched.h
FN:75,z_reschedule_unlocked
FNDA:1283,z_reschedule_unlocked
FN:335,z_sched_wake_all
FNDA:0,z_sched_wake_all
DA:75,1283
DA:77,1283
DA:78,1283
DA:335,0
DA:338,0
DA:340,0
BRDA:340,0,0,-
BRDA:340,0,1,-
DA:341,0
DA:345,0
end_of_record
SF:/home/asset/zephyrproject/zephyr/include/zephyr/sys/dlist.h
FN:203,sys_dlist_init
FNDA:168,sys_dlist_init
FN:220,sys_dnode_init
FNDA:126,sys_dnode_init
DA:203,168
DA:205,168
DA:206,168
DA:207,168
DA:220,126
DA:222,126
DA:223,126
DA:224,126
end_of_record
SF:/home/asset/zephyrproject/zephyr/kernel/include/wait_q.h
FN:47,z_waitq_init
FNDA:168,z_waitq_init
DA:47,168
DA:49,168
DA:50,168
end_of_record
SF:/home/asset/zephyrproject/zephyr/kernel/work.c
FN:21,flag_clear
FNDA:5444,flag_clear
FN:27,flag_set
FNDA:3993,flag_set
FN:33,flag_test
FNDA:13545,flag_test
FN:39,flag_test_and_clear
FNDA:1493,flag_test_and_clear
FN:49,flags_set
FNDA:84,flags_set
FN:55,flags_get
FNDA:116,flags_get
FN:66,handle_flush
FNDA:0,handle_flush
FN:68,init_flusher
FNDA:0,init_flusher
FN:87,init_work_cancel
FNDA:0,init_work_cancel
FN:105,finalize_flush_locked
FNDA:0,finalize_flush_locked
FN:125,finalize_cancel_locked
FNDA:0,finalize_cancel_locked
FN:150,k_work_init
FNDA:21,k_work_init
FN:161,work_busy_get_locked
FNDA:105,work_busy_get_locked
FN:166,k_work_busy_get
FNDA:0,k_work_busy_get
FN:187,queue_flusher_locked
FNDA:0,queue_flusher_locked
FN:218,queue_remove_locked
FNDA:63,queue_remove_locked
FN:237,notify_queue_locked
FNDA:1317,notify_queue_locked
FN:267,queue_submit_locked
FNDA:1317,queue_submit_locked
FN:327,submit_to_queue_locked
FNDA:1385,submit_to_queue_locked
FN:385,z_work_submit_to_queue
FNDA:1351,z_work_submit_to_queue
FN:400,k_work_submit_to_queue
FNDA:1351,k_work_submit_to_queue
FN:421,k_work_submit
FNDA:0,k_work_submit
FN:447,work_flush_locked
FNDA:0,work_flush_locked
FN:465,k_work_flush
FNDA:0,k_work_flush
FN:508,cancel_async_locked
FNDA:63,cancel_async_locked
FN:544,cancel_sync_locked
FNDA:0,cancel_sync_locked
FN:560,k_work_cancel
FNDA:0,k_work_cancel
FN:577,k_work_cancel_sync
FNDA:0,k_work_cancel_sync
FN:616,work_queue_main
FNDA:84,work_queue_main
FN:718,k_work_queue_init
FNDA:56,k_work_queue_init
FN:729,k_work_queue_start
FNDA:84,k_work_queue_start
FN:769,k_work_queue_drain
FNDA:0,k_work_queue_drain
FN:801,k_work_queue_unplug
FNDA:0,k_work_queue_unplug
FN:829,work_timeout
FNDA:34,work_timeout
FN:852,k_work_init_delayable
FNDA:126,k_work_init_delayable
FN:869,work_delayable_busy_get_locked
FNDA:11,work_delayable_busy_get_locked
FN:874,k_work_delayable_busy_get
FNDA:0,k_work_delayable_busy_get
FN:906,schedule_for_queue_locked
FNDA:42,schedule_for_queue_locked
FN:938,unschedule_locked
FNDA:63,unschedule_locked
FN:966,cancel_delayable_async_locked
FNDA:63,cancel_delayable_async_locked
FN:973,k_work_schedule_for_queue
FNDA:42,k_work_schedule_for_queue
FN:997,k_work_schedule
FNDA:21,k_work_schedule
FN:1009,k_work_reschedule_for_queue
FNDA:0,k_work_reschedule_for_queue
FN:1033,k_work_reschedule
FNDA:0,k_work_reschedule
FN:1045,k_work_cancel_delayable
FNDA:63,k_work_cancel_delayable
FN:1061,k_work_cancel_delayable_sync
FNDA:11,k_work_cancel_delayable_sync
FN:1093,k_work_flush_delayable
FNDA:0,k_work_flush_delayable
DA:21,5444
DA:24,5444
DA:25,5444
DA:27,3993
DA:30,3993
DA:31,3993
DA:33,13545
DA:36,13545
DA:39,1493
DA:42,1493
DA:44,1493
DA:46,1493
DA:49,84
DA:52,84
DA:53,84
DA:55,116
DA:57,116
DA:66,0
DA:68,0
DA:70,0
DA:71,0
DA:72,0
DA:73,0
DA:74,0
DA:87,0
DA:90,0
DA:91,0
DA:92,0
DA:93,0
DA:105,0
DA:107,0
DA:110,0
DA:112,0
DA:113,0
DA:125,0
DA:128,0
DA:133,0
DA:140,0
BRDA:140,0,0,-
BRDA:140,0,1,-
BRDA:140,0,2,-
BRDA:140,0,3,-
BRDA:140,0,4,-
BRDA:140,0,5,-
BRDA:140,0,6,-
BRDA:140,0,7,-
BRDA:140,0,8,-
BRDA:140,0,9,-
BRDA:140,0,10,-
BRDA:140,0,11,-
DA:141,0
BRDA:141,0,0,-
BRDA:141,0,1,-
DA:142,0
DA:143,0
DA:145,0
DA:148,0
DA:150,21
DA:156,21
DA:159,21
DA:161,105
DA:163,105
DA:166,0
DA:168,0
DA:169,0
DA:171,0
DA:173,0
DA:187,0
DA:191,0
DA:195,0
BRDA:195,0,0,-
BRDA:195,0,1,-
BRDA:195,0,2,-
BRDA:195,0,3,-
BRDA:195,0,4,-
BRDA:195,0,5,-
BRDA:195,0,6,-
BRDA:195,0,7,-
DA:196,0
BRDA:196,0,0,-
BRDA:196,0,1,-
DA:197,0
DA:198,0
DA:202,0
DA:203,0
BRDA:203,0,0,-
BRDA:203,0,1,-
DA:204,0
DA:207,0
DA:209,0
DA:218,63
DA:221,63
BRDA:221,0,0,0
BRDA:221,0,1,63
DA:222,0
DA:224,63
DA:237,1317
DA:239,1317
DA:241,1317
BRDA:241,0,0,1317
BRDA:241,0,1,0
DA:242,1317
DA:245,1317
DA:267,1317
DA:270,1317
BRDA:270,0,0,0
BRDA:270,0,1,1317
DA:271,0
DA:274,1317
DA:275,1317
BRDA:275,0,0,47
BRDA:275,0,1,1270
BRDA:275,0,2,47
BRDA:275,0,3,0
DA:276,1317
DA:277,1317
DA:286,1317
BRDA:286,0,0,0
BRDA:286,0,1,1317
DA:287,0
DA:288,1317
BRDA:288,0,0,0
BRDA:288,0,1,1317
BRDA:288,0,2,0
BRDA:288,0,3,0
DA:289,0
DA:290,1317
BRDA:290,0,0,0
BRDA:290,0,1,1317
BRDA:290,0,2,0
BRDA:290,0,3,0
DA:291,0
DA:293,1317
DA:294,1317
DA:295,1317
DA:298,1317
DA:327,1385
DA:330,1385
DA:332,1385
BRDA:332,0,0,0
BRDA:332,0,1,1385
DA:334,0
DA:335,1385
BRDA:335,0,0,1317
BRDA:335,0,1,68
DA:337,1317
DA:341,1317
BRDA:341,0,0,0
BRDA:341,0,1,1317
DA:342,0
DA:349,1317
BRDA:349,0,0,68
BRDA:349,0,1,1249
DA:351,68
DA:352,68
DA:355,1317
DA:357,1317
BRDA:357,0,0,0
BRDA:357,0,1,1317
DA:358,0
DA:360,1317
DA:361,1317
DA:367,1385
BRDA:367,0,0,68
BRDA:367,0,1,1317
DA:368,68
DA:371,1385
DA:385,1351
DA:391,1351
DA:393,1351
DA:395,1351
DA:397,1351
DA:400,1351
DA:405,1351
DA:412,1351
BRDA:412,0,0,1283
BRDA:412,0,1,68
DA:413,1283
DA:418,1351
DA:421,0
DA:425,0
DA:429,0
DA:447,0
DA:450,0
DA:451,0
DA:453,0
BRDA:453,0,0,-
BRDA:453,0,1,-
DA:454,0
DA:458,0
DA:459,0
DA:462,0
DA:465,0
DA:478,0
DA:479,0
DA:481,0
DA:483,0
DA:486,0
BRDA:486,0,0,-
BRDA:486,0,1,-
DA:489,0
DA:494,0
DA:508,63
DA:511,63
BRDA:511,0,0,63
BRDA:511,0,1,0
DA:513,63
DA:519,63
DA:521,63
BRDA:521,0,0,0
BRDA:521,0,1,63
DA:522,0
DA:523,0
DA:526,63
DA:544,0
DA:547,0
DA:553,0
BRDA:553,0,0,-
BRDA:553,0,1,-
DA:554,0
DA:557,0
DA:560,0
DA:567,0
DA:568,0
DA:570,0
DA:574,0
DA:577,0
DA:590,0
DA:591,0
DA:592,0
DA:593,0
DA:595,0
BRDA:595,0,0,-
BRDA:595,0,1,-
DA:596,0
DA:597,0
DA:600,0
DA:602,0
BRDA:602,0,0,-
BRDA:602,0,1,-
DA:605,0
DA:609,0
DA:616,84
DA:621,84
DA:623,2566
DA:625,2650
DA:626,2650
DA:627,2650
DA:631,2650
DA:632,2650
BRDA:632,0,0,1317
BRDA:632,0,1,1333
DA:636,1317
DA:637,1317
DA:638,1317
DA:639,1317
DA:653,1317
DA:654,1333
BRDA:654,0,0,0
BRDA:654,0,1,1333
DA:665,0
DA:673,2650
BRDA:673,0,0,1333
BRDA:673,0,1,1317
DA:680,1333
DA:681,1333
DA:682,1249
DA:685,1317
DA:688,1317
DA:695,1317
DA:697,1317
DA:698,1317
BRDA:698,0,0,0
BRDA:698,0,1,1317
DA:699,0
DA:701,1317
BRDA:701,0,0,0
BRDA:701,0,1,1317
DA:702,0
DA:705,1317
DA:706,1317
DA:707,1317
DA:712,1317
BRDA:712,0,0,1317
BRDA:712,0,1,0
DA:713,1317
DA:718,56
DA:722,56
DA:727,56
DA:729,84
DA:738,84
DA:742,84
DA:743,84
DA:744,84
DA:746,84
BRDA:746,0,0,56
BRDA:746,0,1,28
BRDA:746,0,2,0
BRDA:746,0,3,56
DA:747,0
DA:754,84
DA:756,84
DA:758,84
DA:760,84
BRDA:760,0,0,56
BRDA:760,0,1,28
BRDA:760,0,2,56
BRDA:760,0,3,0
DA:761,56
DA:764,84
DA:767,84
DA:769,0
DA:777,0
DA:778,0
DA:780,0
DA:781,0
BRDA:781,0,0,-
BRDA:781,0,1,-
DA:782,0
BRDA:782,0,0,-
BRDA:782,0,1,-
DA:783,0
BRDA:783,0,0,-
BRDA:783,0,1,-
DA:784,0
DA:785,0
BRDA:785,0,0,-
BRDA:785,0,1,-
DA:786,0
DA:789,0
DA:790,0
DA:791,0
DA:793,0
DA:798,0
DA:801,0
DA:807,0
DA:808,0
DA:810,0
BRDA:810,0,0,-
BRDA:810,0,1,-
DA:811,0
DA:814,0
DA:818,0
DA:829,34
DA:831,34
DA:833,34
DA:834,34
DA:835,34
DA:844,34
BRDA:844,0,0,34
BRDA:844,0,1,0
DA:845,34
DA:846,34
DA:849,34
DA:850,34
DA:852,126
DA:858,126
DA:864,126
DA:867,126
DA:869,11
DA:871,11
DA:874,0
DA:876,0
DA:877,0
DA:879,0
DA:880,0
DA:906,42
DA:910,42
DA:911,42
DA:913,42
BRDA:913,0,0,0
BRDA:913,0,1,42
DA:914,0
DA:917,42
DA:918,42
DA:921,42
DA:923,42
DA:938,63
DA:940,63
DA:941,63
DA:948,63
BRDA:948,0,0,0
BRDA:948,0,1,63
DA:949,0
DA:952,63
DA:966,63
DA:968,63
DA:970,63
DA:973,42
DA:981,42
DA:982,42
DA:983,42
DA:986,42
BRDA:986,0,0,42
BRDA:986,0,1,0
DA:987,42
DA:990,42
DA:994,42
DA:997,21
DA:1002,21
DA:1006,21
DA:1009,0
DA:1017,0
DA:1018,0
DA:1021,0
DA:1024,0
DA:1026,0
DA:1030,0
DA:1033,0
DA:1038,0
DA:1042,0
DA:1045,63
DA:1051,63
DA:1052,63
DA:1054,63
DA:1058,63
DA:1061,11
DA:1073,11
DA:1074,11
DA:1075,11
DA:1076,11
DA:1078,11
BRDA:1078,0,0,0
BRDA:1078,0,1,11
DA:1079,0
DA:1080,0
DA:1083,11
DA:1085,11
BRDA:1085,0,0,0
BRDA:1085,0,1,11
DA:1086,0
DA:1090,11
DA:1093,0
DA:1105,0
DA:1106,0
DA:1107,0
DA:1110,0
BRDA:1110,0,0,-
BRDA:1110,0,1,-
DA:1111,0
DA:1115,0
DA:1121,0
BRDA:1121,0,0,-
BRDA:1121,0,1,-
DA:1122,0
DA:1124,0
DA:1128,0
DA:1130,0
DA:1133,0
BRDA:1133,0,0,-
BRDA:1133,0,1,-
DA:1134,0
DA:1139,0
end_of_record
SF:/home/asset/zephyrproject/zephyr/include/zephyr/spinlock.h
FN:132,z_spinlock_validate_pre
FNDA:5468,z_spinlock_validate_pre
FN:143,z_spinlock_validate_post
FNDA:5468,z_spinlock_validate_post
FN:182,k_spin_lock
FNDA:5468,k_spin_lock
FN:300,k_spin_unlock
FNDA:4135,k_spin_unlock
DA:132,5468
DA:141,5468
DA:143,5468
DA:152,5468
DA:182,5468
DA:191,5468
DA:193,5468
DA:211,5468
DA:213,5468
DA:300,4135
DA:331,4135
DA:332,4135
end_of_record
TN:
SF:/home/asset/zephyrproject/zephyr/include/zephyr/sys/dlist.h
FN:203,sys_dlist_init
FNDA:0,sys_dlist_init
DA:203,0
DA:205,0
DA:206,0
DA:207,0
end_of_record
SF:/home/asset/zephyrproject/zephyr/kernel/include/wait_q.h
FN:47,z_waitq_init
FNDA:0,z_waitq_init
DA:47,0
DA:49,0
DA:50,0
end_of_record
SF:/home/asset/zephyrproject/zephyr/include/zephyr/spinlock.h
FN:132,z_spinlock_validate_pre
FNDA:0,z_spinlock_validate_pre
FN:143,z_spinlock_validate_post
FNDA:0,z_spinlock_validate_post
FN:182,k_spin_lock
FNDA:0,k_spin_lock
FN:300,k_spin_unlock
FNDA:0,k_spin_unlock
DA:132,0
DA:141,0
DA:143,0
DA:152,0
DA:182,0
DA:191,0
DA:193,0
DA:211,0
DA:213,0
DA:300,0
DA:331,0
DA:332,0
end_of_record
SF:/home/asset/zephyrproject/zephyr/include/zephyr/arch/posix/arch.h
FN:71,arch_irq_lock
FNDA:0,arch_irq_lock
FN:77,arch_irq_unlock
FNDA:0,arch_irq_unlock
DA:71,0
DA:73,0
DA:77,0
DA:79,0
DA:80,0
end_of_record
SF:/home/asset/zephyrproject/zephyr/kernel/kheap.c
FN:15,k_heap_init
FNDA:0,k_heap_init
FN:23,statics_init
FNDA:28,statics_init
FN:65,k_heap_aligned_alloc
FNDA:0,k_heap_aligned_alloc
FN:108,k_heap_alloc
FNDA:0,k_heap_alloc
FN:119,k_heap_free
FNDA:0,k_heap_free
DA:15,0
DA:17,0
DA:18,0
DA:21,0
DA:23,28
DA:25,28
BRDA:25,0,0,0
BRDA:25,0,1,28
DA:50,0
DA:53,28
DA:65,0
DA:68,0
DA:69,0
DA:71,0
DA:77,0
DA:79,0
BRDA:79,0,0,-
BRDA:79,0,1,-
DA:80,0
DA:82,0
BRDA:82,0,0,-
BRDA:82,0,1,-
DA:83,0
BRDA:83,0,0,-
BRDA:83,0,1,-
DA:87,0
BRDA:87,0,0,-
BRDA:87,0,1,-
DA:88,0
DA:97,0
DA:98,0
DA:99,0
DA:104,0
DA:105,0
DA:108,0
DA:112,0
DA:116,0
DA:119,0
DA:121,0
DA:123,0
DA:126,0
BRDA:126,0,0,-
BRDA:126,0,1,-
DA:127,0
DA:129,0
DA:131,0
end_of_record
TN:
SF:/home/asset/zephyrproject/zephyr/include/zephyr/spinlock.h
FN:132,z_spinlock_validate_pre
FNDA:0,z_spinlock_validate_pre
FN:143,z_spinlock_validate_post
FNDA:0,z_spinlock_validate_post
FN:182,k_spin_lock
FNDA:0,k_spin_lock
FN:300,k_spin_unlock
FNDA:0,k_spin_unlock
DA:132,0
DA:141,0
DA:143,0
DA:152,0
DA:182,0
DA:191,0
DA:193,0
DA:211,0
DA:213,0
DA:300,0
DA:331,0
DA:332,0
end_of_record
SF:/home/asset/zephyrproject/zephyr/kernel/include/ksched.h
FN:75,z_reschedule_unlocked
FNDA:0,z_reschedule_unlocked
DA:75,0
DA:77,0
DA:78,0
end_of_record
SF:/home/asset/zephyrproject/zephyr/include/zephyr/sys/dlist.h
FN:203,sys_dlist_init
FNDA:0,sys_dlist_init
FN:220,sys_dnode_init
FNDA:0,sys_dnode_init
FN:234,sys_dnode_is_linked
FNDA:0,sys_dnode_is_linked
FN:275,sys_dlist_is_empty
FNDA:0,sys_dlist_is_empty
FN:303,sys_dlist_peek_head
FNDA:0,sys_dlist_peek_head
DA:203,0
DA:205,0
DA:206,0
DA:207,0
DA:220,0
DA:222,0
DA:223,0
DA:224,0
DA:234,0
DA:236,0
DA:275,0
DA:277,0
DA:303,0
DA:305,0
BRDA:305,0,0,-
BRDA:305,0,1,-
end_of_record
SF:/home/asset/zephyrproject/zephyr/kernel/include/wait_q.h
FN:47,z_waitq_init
FNDA:0,z_waitq_init
FN:52,z_waitq_head
FNDA:0,z_waitq_head
DA:47,0
DA:49,0
DA:50,0
DA:52,0
DA:54,0
end_of_record
SF:/home/asset/zephyrproject/zephyr/include/zephyr/sys/internal/kobject_internal.h
FN:92,k_object_init
FNDA:0,k_object_init
DA:92,0
DA:95,0
end_of_record
SF:/home/asset/zephyrproject/zephyr/kernel/include/timeout_q.h
FN:25,z_init_timeout
FNDA:0,z_init_timeout
FN:35,z_is_inactive_timeout
FNDA:0,z_is_inactive_timeout
DA:25,0
DA:27,0
DA:28,0
DA:35,0
DA:37,0
end_of_record
SF:/home/asset/zephyrproject/zephyr/include/zephyr/arch/posix/arch.h
FN:71,arch_irq_lock
FNDA:0,arch_irq_lock
FN:77,arch_irq_unlock
FNDA:0,arch_irq_unlock
DA:71,0
DA:73,0
DA:77,0
DA:79,0
DA:80,0
end_of_record
SF:/home/asset/zephyrproject/zephyr/arch/posix/include/kernel_arch_func.h
FN:27,arch_thread_return_value_set
FNDA:0,arch_thread_return_value_set
DA:27,0
DA:29,0
DA:30,0
end_of_record
SF:/home/asset/zephyrproject/build/zephyr/include/generated/syscalls/kernel.h
FN:599,k_uptime_ticks
FNDA:0,k_uptime_ticks
DA:599,0
DA:608,0
DA:609,0
end_of_record
SF:/home/asset/zephyrproject/zephyr/kernel/timer.c
FN:27,z_timer_expiration_handler
FNDA:0,z_timer_expiration_handler
FN:113,k_timer_init
FNDA:0,k_timer_init
FN:139,z_impl_k_timer_start
FNDA:0,z_impl_k_timer_start
FN:194,z_impl_k_timer_stop
FNDA:0,z_impl_k_timer_stop
FN:227,z_impl_k_timer_status_get
FNDA:0,z_impl_k_timer_status_get
FN:247,z_impl_k_timer_status_sync
FNDA:0,z_impl_k_timer_status_sync
DA:27,0
DA:29,0
DA:31,0
DA:46,0
BRDA:46,0,0,-
BRDA:46,0,1,-
DA:47,0
DA:48,0
DA:55,0
BRDA:55,0,0,-
BRDA:55,0,1,-
DA:56,0
BRDA:56,0,0,-
BRDA:56,0,1,-
DA:57,0
DA:60,0
DA:74,0
BRDA:74,0,0,-
BRDA:74,0,1,-
DA:76,0
DA:81,0
DA:84,0
BRDA:84,0,0,-
BRDA:84,0,1,-
DA:86,0
DA:87,0
DA:88,0
DA:96,0
DA:98,0
BRDA:98,0,0,-
BRDA:98,0,1,-
DA:99,0
DA:100,0
DA:103,0
DA:105,0
DA:107,0
DA:109,0
DA:113,0
DA:117,0
DA:118,0
DA:119,0
DA:122,0
DA:125,0
DA:129,0
DA:131,0
DA:136,0
DA:139,0
DA:149,0
DA:151,0
BRDA:151,0,0,-
BRDA:151,0,1,-
DA:152,0
DA:153,0
DA:169,0
BRDA:169,0,0,-
BRDA:169,0,1,-
DA:170,0
DA:173,0
DA:174,0
DA:175,0
DA:177,0
DA:180,0
DA:194,0
DA:198,0
DA:200,0
BRDA:200,0,0,-
BRDA:200,0,1,-
DA:201,0
DA:204,0
BRDA:204,0,0,-
BRDA:204,0,1,-
DA:205,0
DA:209,0
DA:211,0
BRDA:211,0,0,-
BRDA:211,0,1,-
DA:212,0
DA:213,0
DA:227,0
DA:229,0
DA:230,0
DA:232,0
DA:233,0
DA:235,0
DA:247,0
DA:275,0
DA:276,0
DA:278,0
BRDA:278,0,0,-
BRDA:278,0,1,-
DA:279,0
BRDA:279,0,0,-
BRDA:279,0,1,-
DA:283,0
DA:286,0
DA:287,0
DA:295,0
DA:296,0
DA:303,0
end_of_record
TN:
SF:/home/asset/zephyrproject/zephyr/kernel/mempool.c
FN:12,z_heap_aligned_alloc
FNDA:0,z_heap_aligned_alloc
FN:43,k_free
FNDA:0,k_free
FN:124,z_thread_aligned_alloc
FNDA:0,z_thread_aligned_alloc
DA:12,0
DA:24,0
BRDA:24,0,0,-
BRDA:24,0,1,-
DA:25,0
DA:27,0
DA:29,0
DA:30,0
BRDA:30,0,0,-
BRDA:30,0,1,-
DA:31,0
DA:34,0
DA:35,0
DA:36,0
DA:40,0
DA:43,0
DA:47,0
BRDA:47,0,0,-
BRDA:47,0,1,-
DA:48,0
DA:49,0
DA:53,0
DA:57,0
DA:124,0
DA:129,0
BRDA:129,0,0,-
BRDA:129,0,1,-
DA:130,0
DA:132,0
DA:135,0
BRDA:135,0,0,-
BRDA:135,0,1,-
DA:136,0
DA:138,0
DA:141,0
end_of_record
SF:/home/asset/zephyrproject/zephyr/include/zephyr/sys/math_extras_impl.h
FN:47,size_add_overflow
FNDA:0,size_add_overflow
DA:47,0
DA:49,0
end_of_record
TN:
SF:/home/asset/zephyrproject/zephyr/kernel/device.c
FN:21,z_device_state_init
FNDA:28,z_device_state_init
FN:28,z_impl_device_get_binding
FNDA:0,z_impl_device_get_binding
FN:80,z_device_get_all_static
FNDA:0,z_device_get_all_static
FN:90,z_device_is_ready
FNDA:56,z_device_is_ready
DA:21,28
DA:23,56
BRDA:23,0,0,28
BRDA:23,0,1,28
DA:24,28
DA:26,28
DA:28,0
DA:33,0
BRDA:33,0,0,-
BRDA:33,0,1,-
BRDA:33,0,2,-
BRDA:33,0,3,-
DA:34,0
DA:42,0
BRDA:42,0,0,-
BRDA:42,0,1,-
DA:43,0
BRDA:43,0,0,-
BRDA:43,0,1,-
BRDA:43,0,2,-
BRDA:43,0,3,-
DA:44,0
DA:48,0
BRDA:48,0,0,-
BRDA:48,0,1,-
DA:49,0
BRDA:49,0,0,-
BRDA:49,0,1,-
BRDA:49,0,2,-
BRDA:49,0,3,-
DA:50,0
DA:54,0
DA:80,0
DA:84,0
DA:85,0
DA:87,0
DA:90,56
DA:96,56
BRDA:96,0,0,0
BRDA:96,0,1,56
DA:97,0
DA:100,56
BRDA:100,0,0,56
BRDA:100,0,1,0
BRDA:100,0,2,56
BRDA:100,0,3,0
end_of_record
SF:/home/asset/zephyrproject/zephyr/include/zephyr/sys/internal/kobject_internal.h
FN:92,k_object_init
FNDA:28,k_object_init
DA:92,28
DA:95,28
end_of_record
